{"C:\\DEV\\workspace\\cost-tracker\\src\\App.tsx": {"path":"C:\\DEV\\workspace\\cost-tracker\\src\\App.tsx","all":false,"statementMap":{"0":{"start":{"line":1,"column":0},"end":{"line":1,"column":26}},"1":{"start":{"line":2,"column":0},"end":{"line":2,"column":60}},"2":{"start":{"line":3,"column":0},"end":{"line":3,"column":56}},"3":{"start":{"line":4,"column":0},"end":{"line":4,"column":56}},"4":{"start":{"line":5,"column":0},"end":{"line":5,"column":67}},"5":{"start":{"line":6,"column":0},"end":{"line":6,"column":59}},"8":{"start":{"line":9,"column":0},"end":{"line":9,"column":29}},"9":{"start":{"line":10,"column":0},"end":{"line":10,"column":10}},"10":{"start":{"line":11,"column":0},"end":{"line":11,"column":21}},"11":{"start":{"line":12,"column":0},"end":{"line":12,"column":99}},"12":{"start":{"line":13,"column":0},"end":{"line":13,"column":76}},"14":{"start":{"line":15,"column":0},"end":{"line":15,"column":21}},"15":{"start":{"line":16,"column":0},"end":{"line":16,"column":36}},"17":{"start":{"line":18,"column":0},"end":{"line":18,"column":63}},"18":{"start":{"line":19,"column":0},"end":{"line":19,"column":55}},"20":{"start":{"line":21,"column":0},"end":{"line":21,"column":75}},"21":{"start":{"line":22,"column":0},"end":{"line":22,"column":89}},"22":{"start":{"line":23,"column":0},"end":{"line":23,"column":56}},"24":{"start":{"line":25,"column":0},"end":{"line":25,"column":31}},"25":{"start":{"line":26,"column":0},"end":{"line":26,"column":33}},"26":{"start":{"line":27,"column":0},"end":{"line":27,"column":24}},"27":{"start":{"line":28,"column":0},"end":{"line":28,"column":21}},"30":{"start":{"line":31,"column":0},"end":{"line":31,"column":45}},"31":{"start":{"line":32,"column":0},"end":{"line":32,"column":89}},"32":{"start":{"line":33,"column":0},"end":{"line":33,"column":56}},"34":{"start":{"line":35,"column":0},"end":{"line":35,"column":31}},"35":{"start":{"line":36,"column":0},"end":{"line":36,"column":33}},"36":{"start":{"line":37,"column":0},"end":{"line":37,"column":24}},"37":{"start":{"line":38,"column":0},"end":{"line":38,"column":21}},"38":{"start":{"line":39,"column":0},"end":{"line":39,"column":19}},"39":{"start":{"line":40,"column":0},"end":{"line":40,"column":17}},"42":{"start":{"line":43,"column":0},"end":{"line":43,"column":56}},"43":{"start":{"line":44,"column":0},"end":{"line":44,"column":27}},"44":{"start":{"line":45,"column":0},"end":{"line":45,"column":17}},"45":{"start":{"line":46,"column":0},"end":{"line":46,"column":15}},"46":{"start":{"line":47,"column":0},"end":{"line":47,"column":18}},"47":{"start":{"line":48,"column":0},"end":{"line":48,"column":22}},"49":{"start":{"line":50,"column":0},"end":{"line":50,"column":2}},"51":{"start":{"line":52,"column":0},"end":{"line":52,"column":19}}},"s":{"0":1,"1":1,"2":1,"3":1,"4":1,"5":1,"8":1,"9":5,"10":5,"11":5,"12":5,"14":5,"15":5,"17":5,"18":5,"20":5,"21":5,"22":5,"24":5,"25":5,"26":5,"27":5,"30":5,"31":5,"32":5,"34":5,"35":5,"36":5,"37":5,"38":5,"39":5,"42":5,"43":5,"44":5,"45":5,"46":5,"47":5,"49":5,"51":1},"branchMap":{"0":{"type":"branch","line":9,"loc":{"start":{"line":9,"column":22},"end":{"line":50,"column":2}},"locations":[{"start":{"line":9,"column":22},"end":{"line":50,"column":2}}]}},"b":{"0":[5]},"fnMap":{"0":{"name":"App","decl":{"start":{"line":9,"column":22},"end":{"line":50,"column":2}},"loc":{"start":{"line":9,"column":22},"end":{"line":50,"column":2}},"line":9}},"f":{"0":5}}
,"C:\\DEV\\workspace\\cost-tracker\\src\\types.ts": {"path":"C:\\DEV\\workspace\\cost-tracker\\src\\types.ts","all":true,"statementMap":{},"s":{},"branchMap":{"0":{"type":"branch","line":1,"loc":{"start":{"line":1,"column":147},"end":{"line":7,"column":1}},"locations":[{"start":{"line":1,"column":147},"end":{"line":7,"column":1}}]}},"b":{"0":[1]},"fnMap":{"0":{"name":"(empty-report)","decl":{"start":{"line":1,"column":147},"end":{"line":7,"column":1}},"loc":{"start":{"line":1,"column":147},"end":{"line":7,"column":1}},"line":1}},"f":{"0":1}}
,"C:\\DEV\\workspace\\cost-tracker\\src\\components\\form\\ExpenseForm.tsx": {"path":"C:\\DEV\\workspace\\cost-tracker\\src\\components\\form\\ExpenseForm.tsx","all":false,"statementMap":{"0":{"start":{"line":1,"column":0},"end":{"line":1,"column":74}},"1":{"start":{"line":2,"column":0},"end":{"line":2,"column":62}},"2":{"start":{"line":3,"column":0},"end":{"line":3,"column":8}},"15":{"start":{"line":16,"column":0},"end":{"line":16,"column":37}},"16":{"start":{"line":17,"column":0},"end":{"line":17,"column":45}},"17":{"start":{"line":18,"column":0},"end":{"line":18,"column":67}},"19":{"start":{"line":20,"column":0},"end":{"line":20,"column":43}},"22":{"start":{"line":23,"column":0},"end":{"line":23,"column":38}},"23":{"start":{"line":24,"column":0},"end":{"line":24,"column":29}},"24":{"start":{"line":25,"column":0},"end":{"line":25,"column":37}},"25":{"start":{"line":26,"column":0},"end":{"line":26,"column":84}},"26":{"start":{"line":27,"column":0},"end":{"line":27,"column":77}},"27":{"start":{"line":28,"column":0},"end":{"line":28,"column":37}},"28":{"start":{"line":29,"column":0},"end":{"line":29,"column":4}},"31":{"start":{"line":32,"column":0},"end":{"line":32,"column":74}},"34":{"start":{"line":35,"column":0},"end":{"line":35,"column":86}},"35":{"start":{"line":36,"column":0},"end":{"line":36,"column":71}},"36":{"start":{"line":37,"column":0},"end":{"line":37,"column":84}},"37":{"start":{"line":38,"column":0},"end":{"line":38,"column":78}},"38":{"start":{"line":39,"column":0},"end":{"line":39,"column":91}},"39":{"start":{"line":40,"column":0},"end":{"line":40,"column":97}},"42":{"start":{"line":43,"column":0},"end":{"line":43,"column":54}},"43":{"start":{"line":44,"column":0},"end":{"line":44,"column":61}},"45":{"start":{"line":46,"column":0},"end":{"line":46,"column":79}},"46":{"start":{"line":47,"column":0},"end":{"line":47,"column":5}},"48":{"start":{"line":49,"column":0},"end":{"line":49,"column":57}},"49":{"start":{"line":50,"column":0},"end":{"line":50,"column":9}},"52":{"start":{"line":53,"column":0},"end":{"line":53,"column":60}},"53":{"start":{"line":54,"column":0},"end":{"line":54,"column":23}},"56":{"start":{"line":57,"column":0},"end":{"line":57,"column":63}},"57":{"start":{"line":58,"column":0},"end":{"line":58,"column":52}},"58":{"start":{"line":59,"column":0},"end":{"line":59,"column":25}},"59":{"start":{"line":60,"column":0},"end":{"line":60,"column":13}},"60":{"start":{"line":61,"column":0},"end":{"line":61,"column":5}},"63":{"start":{"line":64,"column":0},"end":{"line":64,"column":46}},"64":{"start":{"line":65,"column":0},"end":{"line":65,"column":57}},"65":{"start":{"line":66,"column":0},"end":{"line":66,"column":25}},"66":{"start":{"line":67,"column":0},"end":{"line":67,"column":13}},"67":{"start":{"line":68,"column":0},"end":{"line":68,"column":5}},"70":{"start":{"line":71,"column":0},"end":{"line":71,"column":44}},"71":{"start":{"line":72,"column":0},"end":{"line":72,"column":51}},"72":{"start":{"line":73,"column":0},"end":{"line":73,"column":63}},"73":{"start":{"line":74,"column":0},"end":{"line":74,"column":25}},"74":{"start":{"line":75,"column":0},"end":{"line":75,"column":13}},"75":{"start":{"line":76,"column":0},"end":{"line":76,"column":5}},"77":{"start":{"line":78,"column":0},"end":{"line":78,"column":24}},"78":{"start":{"line":79,"column":0},"end":{"line":79,"column":29}},"79":{"start":{"line":80,"column":0},"end":{"line":80,"column":38}},"80":{"start":{"line":81,"column":0},"end":{"line":81,"column":27}},"81":{"start":{"line":82,"column":0},"end":{"line":82,"column":11}},"82":{"start":{"line":83,"column":0},"end":{"line":83,"column":15}},"83":{"start":{"line":84,"column":0},"end":{"line":84,"column":6}},"86":{"start":{"line":87,"column":0},"end":{"line":87,"column":27}},"89":{"start":{"line":90,"column":0},"end":{"line":90,"column":23}},"90":{"start":{"line":91,"column":0},"end":{"line":91,"column":18}},"91":{"start":{"line":92,"column":0},"end":{"line":92,"column":51}},"92":{"start":{"line":93,"column":0},"end":{"line":93,"column":23}},"93":{"start":{"line":94,"column":0},"end":{"line":94,"column":91}},"96":{"start":{"line":97,"column":0},"end":{"line":97,"column":43}},"97":{"start":{"line":98,"column":0},"end":{"line":98,"column":72}},"98":{"start":{"line":99,"column":0},"end":{"line":99,"column":14}},"99":{"start":{"line":100,"column":0},"end":{"line":100,"column":4}},"101":{"start":{"line":102,"column":0},"end":{"line":102,"column":10}},"102":{"start":{"line":103,"column":0},"end":{"line":103,"column":34}},"103":{"start":{"line":104,"column":0},"end":{"line":104,"column":57}},"105":{"start":{"line":106,"column":0},"end":{"line":106,"column":21}},"106":{"start":{"line":107,"column":0},"end":{"line":107,"column":38}},"107":{"start":{"line":108,"column":0},"end":{"line":108,"column":18}},"108":{"start":{"line":109,"column":0},"end":{"line":109,"column":34}},"109":{"start":{"line":110,"column":0},"end":{"line":110,"column":77}},"111":{"start":{"line":112,"column":0},"end":{"line":112,"column":38}},"112":{"start":{"line":113,"column":0},"end":{"line":113,"column":47}},"113":{"start":{"line":114,"column":0},"end":{"line":114,"column":39}},"114":{"start":{"line":115,"column":0},"end":{"line":115,"column":42}},"115":{"start":{"line":116,"column":0},"end":{"line":116,"column":47}},"116":{"start":{"line":117,"column":0},"end":{"line":117,"column":13}},"117":{"start":{"line":118,"column":0},"end":{"line":118,"column":12}},"118":{"start":{"line":119,"column":0},"end":{"line":119,"column":36}},"119":{"start":{"line":120,"column":0},"end":{"line":120,"column":86}},"121":{"start":{"line":122,"column":0},"end":{"line":122,"column":10}},"123":{"start":{"line":124,"column":0},"end":{"line":124,"column":18}},"124":{"start":{"line":125,"column":0},"end":{"line":125,"column":24}},"125":{"start":{"line":126,"column":0},"end":{"line":126,"column":28}},"126":{"start":{"line":127,"column":0},"end":{"line":127,"column":23}},"127":{"start":{"line":128,"column":0},"end":{"line":128,"column":24}},"128":{"start":{"line":129,"column":0},"end":{"line":129,"column":53}},"129":{"start":{"line":130,"column":0},"end":{"line":130,"column":19}},"130":{"start":{"line":131,"column":0},"end":{"line":131,"column":10}},"132":{"start":{"line":133,"column":0},"end":{"line":133,"column":18}},"133":{"start":{"line":134,"column":0},"end":{"line":134,"column":22}},"134":{"start":{"line":135,"column":0},"end":{"line":135,"column":28}},"135":{"start":{"line":136,"column":0},"end":{"line":136,"column":21}},"136":{"start":{"line":137,"column":0},"end":{"line":137,"column":47}},"137":{"start":{"line":138,"column":0},"end":{"line":138,"column":51}},"138":{"start":{"line":139,"column":0},"end":{"line":139,"column":44}},"139":{"start":{"line":140,"column":0},"end":{"line":140,"column":19}},"140":{"start":{"line":141,"column":0},"end":{"line":141,"column":10}},"142":{"start":{"line":143,"column":0},"end":{"line":143,"column":31}},"143":{"start":{"line":144,"column":0},"end":{"line":144,"column":43}},"144":{"start":{"line":145,"column":0},"end":{"line":145,"column":17}},"145":{"start":{"line":146,"column":0},"end":{"line":146,"column":28}},"146":{"start":{"line":147,"column":0},"end":{"line":147,"column":57}},"147":{"start":{"line":148,"column":0},"end":{"line":148,"column":28}},"149":{"start":{"line":150,"column":0},"end":{"line":150,"column":44}},"150":{"start":{"line":151,"column":0},"end":{"line":151,"column":48}},"151":{"start":{"line":152,"column":0},"end":{"line":152,"column":22}},"152":{"start":{"line":153,"column":0},"end":{"line":153,"column":25}},"153":{"start":{"line":154,"column":0},"end":{"line":154,"column":15}},"154":{"start":{"line":155,"column":0},"end":{"line":155,"column":19}},"155":{"start":{"line":156,"column":0},"end":{"line":156,"column":22}},"157":{"start":{"line":158,"column":0},"end":{"line":158,"column":15}},"158":{"start":{"line":159,"column":0},"end":{"line":159,"column":23}},"159":{"start":{"line":160,"column":0},"end":{"line":160,"column":29}},"160":{"start":{"line":161,"column":0},"end":{"line":161,"column":25}},"161":{"start":{"line":162,"column":0},"end":{"line":162,"column":19}},"162":{"start":{"line":163,"column":0},"end":{"line":163,"column":39}},"163":{"start":{"line":164,"column":0},"end":{"line":164,"column":9}},"165":{"start":{"line":166,"column":0},"end":{"line":166,"column":17}},"166":{"start":{"line":167,"column":0},"end":{"line":167,"column":12}},"169":{"start":{"line":170,"column":0},"end":{"line":170,"column":15}},"170":{"start":{"line":171,"column":0},"end":{"line":171,"column":24}},"171":{"start":{"line":172,"column":0},"end":{"line":172,"column":31}},"172":{"start":{"line":173,"column":0},"end":{"line":173,"column":43}},"173":{"start":{"line":174,"column":0},"end":{"line":174,"column":64}},"175":{"start":{"line":176,"column":0},"end":{"line":176,"column":91}},"176":{"start":{"line":177,"column":0},"end":{"line":177,"column":24}},"177":{"start":{"line":178,"column":0},"end":{"line":178,"column":16}},"178":{"start":{"line":179,"column":0},"end":{"line":179,"column":17}},"179":{"start":{"line":180,"column":0},"end":{"line":180,"column":11}},"181":{"start":{"line":182,"column":0},"end":{"line":182,"column":2}},"183":{"start":{"line":184,"column":0},"end":{"line":184,"column":27}}},"s":{"0":1,"1":1,"2":1,"15":1,"16":41,"17":41,"19":41,"22":41,"23":41,"24":41,"25":41,"26":41,"27":41,"28":41,"31":41,"34":41,"35":41,"36":41,"37":41,"38":41,"39":41,"42":41,"43":0,"45":0,"46":0,"48":0,"49":41,"52":41,"53":8,"56":8,"57":8,"58":8,"59":8,"60":8,"63":0,"64":0,"65":0,"66":0,"67":0,"70":0,"71":8,"72":0,"73":0,"74":0,"75":0,"77":0,"78":0,"79":0,"80":0,"81":0,"82":0,"83":0,"86":0,"89":0,"90":0,"91":0,"92":0,"93":41,"96":41,"97":15,"98":41,"99":41,"101":41,"102":41,"103":41,"105":41,"106":41,"107":41,"108":41,"109":41,"111":41,"112":84,"113":0,"114":84,"115":0,"116":0,"117":84,"118":41,"119":0,"121":41,"123":41,"124":41,"125":41,"126":41,"127":41,"128":41,"129":41,"130":41,"132":41,"133":41,"134":41,"135":41,"136":41,"137":41,"138":41,"139":41,"140":41,"142":41,"143":41,"144":41,"145":41,"146":41,"147":41,"149":41,"150":164,"151":164,"152":164,"153":41,"154":41,"155":41,"157":41,"158":41,"159":41,"160":41,"161":41,"162":41,"163":41,"165":41,"166":41,"169":41,"170":41,"171":41,"172":41,"173":41,"175":41,"176":41,"177":41,"178":41,"179":41,"181":41,"183":1},"branchMap":{"0":{"type":"branch","line":16,"loc":{"start":{"line":16,"column":30},"end":{"line":182,"column":2}},"locations":[{"start":{"line":16,"column":30},"end":{"line":182,"column":2}}]},"1":{"type":"branch","line":18,"loc":{"start":{"line":18,"column":16},"end":{"line":18,"column":67}},"locations":[{"start":{"line":18,"column":16},"end":{"line":18,"column":67}}]},"2":{"type":"branch","line":23,"loc":{"start":{"line":23,"column":23},"end":{"line":29,"column":4}},"locations":[{"start":{"line":23,"column":23},"end":{"line":29,"column":4}}]},"3":{"type":"branch","line":32,"loc":{"start":{"line":32,"column":34},"end":{"line":32,"column":70}},"locations":[{"start":{"line":32,"column":34},"end":{"line":32,"column":70}}]},"4":{"type":"branch","line":53,"loc":{"start":{"line":53,"column":35},"end":{"line":94,"column":5}},"locations":[{"start":{"line":53,"column":35},"end":{"line":94,"column":5}}]},"5":{"type":"branch","line":57,"loc":{"start":{"line":57,"column":26},"end":{"line":57,"column":42}},"locations":[{"start":{"line":57,"column":26},"end":{"line":57,"column":42}}]},"6":{"type":"branch","line":57,"loc":{"start":{"line":57,"column":32},"end":{"line":57,"column":51}},"locations":[{"start":{"line":57,"column":32},"end":{"line":57,"column":51}}]},"7":{"type":"branch","line":57,"loc":{"start":{"line":57,"column":43},"end":{"line":57,"column":62}},"locations":[{"start":{"line":57,"column":43},"end":{"line":57,"column":62}}]},"8":{"type":"branch","line":61,"loc":{"start":{"line":61,"column":4},"end":{"line":72,"column":50}},"locations":[{"start":{"line":61,"column":4},"end":{"line":72,"column":50}}]},"9":{"type":"branch","line":72,"loc":{"start":{"line":72,"column":50},"end":{"line":93,"column":23}},"locations":[{"start":{"line":72,"column":50},"end":{"line":93,"column":23}}]},"10":{"type":"branch","line":97,"loc":{"start":{"line":97,"column":37},"end":{"line":98,"column":72}},"locations":[{"start":{"line":97,"column":37},"end":{"line":98,"column":72}}]},"11":{"type":"branch","line":112,"loc":{"start":{"line":112,"column":20},"end":{"line":118,"column":12}},"locations":[{"start":{"line":112,"column":20},"end":{"line":118,"column":12}}]},"12":{"type":"branch","line":113,"loc":{"start":{"line":113,"column":46},"end":{"line":115,"column":23}},"locations":[{"start":{"line":113,"column":46},"end":{"line":115,"column":23}}]},"13":{"type":"branch","line":115,"loc":{"start":{"line":115,"column":41},"end":{"line":117,"column":13}},"locations":[{"start":{"line":115,"column":41},"end":{"line":117,"column":13}}]},"14":{"type":"branch","line":129,"loc":{"start":{"line":129,"column":20},"end":{"line":129,"column":53}},"locations":[{"start":{"line":129,"column":20},"end":{"line":129,"column":53}}]},"15":{"type":"branch","line":138,"loc":{"start":{"line":138,"column":20},"end":{"line":138,"column":51}},"locations":[{"start":{"line":138,"column":20},"end":{"line":138,"column":51}}]},"16":{"type":"branch","line":147,"loc":{"start":{"line":147,"column":22},"end":{"line":147,"column":57}},"locations":[{"start":{"line":147,"column":22},"end":{"line":147,"column":57}}]},"17":{"type":"branch","line":150,"loc":{"start":{"line":150,"column":33},"end":{"line":153,"column":25}},"locations":[{"start":{"line":150,"column":33},"end":{"line":153,"column":25}}]}},"b":{"0":[41],"1":[0],"2":[41],"3":[15],"4":[8],"5":[0],"6":[0],"7":[0],"8":[0],"9":[0],"10":[15],"11":[84],"12":[0],"13":[0],"14":[15],"15":[2],"16":[1],"17":[164]},"fnMap":{"0":{"name":"ExpenseForm","decl":{"start":{"line":16,"column":30},"end":{"line":182,"column":2}},"loc":{"start":{"line":16,"column":30},"end":{"line":182,"column":2}},"line":16},"1":{"name":"getTodayDate","decl":{"start":{"line":23,"column":23},"end":{"line":29,"column":4}},"loc":{"start":{"line":23,"column":23},"end":{"line":29,"column":4}},"line":23},"2":{"name":"onInputChange","decl":{"start":{"line":110,"column":25},"end":{"line":110,"column":77}},"loc":{"start":{"line":110,"column":25},"end":{"line":110,"column":77}},"line":110},"3":{"name":"onChange","decl":{"start":{"line":112,"column":20},"end":{"line":118,"column":12}},"loc":{"start":{"line":112,"column":20},"end":{"line":118,"column":12}},"line":112},"4":{"name":"renderInput","decl":{"start":{"line":119,"column":23},"end":{"line":120,"column":86}},"loc":{"start":{"line":119,"column":23},"end":{"line":120,"column":86}},"line":119},"5":{"name":"onChange","decl":{"start":{"line":129,"column":20},"end":{"line":129,"column":53}},"loc":{"start":{"line":129,"column":20},"end":{"line":129,"column":53}},"line":129},"6":{"name":"onChange","decl":{"start":{"line":138,"column":20},"end":{"line":138,"column":51}},"loc":{"start":{"line":138,"column":20},"end":{"line":138,"column":51}},"line":138},"7":{"name":"onChange","decl":{"start":{"line":147,"column":22},"end":{"line":147,"column":57}},"loc":{"start":{"line":147,"column":22},"end":{"line":147,"column":57}},"line":147},"8":{"name":"onClose","decl":{"start":{"line":173,"column":17},"end":{"line":173,"column":43}},"loc":{"start":{"line":173,"column":17},"end":{"line":173,"column":43}},"line":173},"9":{"name":"onClose","decl":{"start":{"line":176,"column":24},"end":{"line":176,"column":51}},"loc":{"start":{"line":176,"column":24},"end":{"line":176,"column":51}},"line":176}},"f":{"0":41,"1":41,"2":0,"3":84,"4":0,"5":15,"6":2,"7":1,"8":0,"9":0}}
,"C:\\DEV\\workspace\\cost-tracker\\src\\components\\list\\ActionsCell.tsx": {"path":"C:\\DEV\\workspace\\cost-tracker\\src\\components\\list\\ActionsCell.tsx","all":false,"statementMap":{"0":{"start":{"line":1,"column":0},"end":{"line":1,"column":48}},"1":{"start":{"line":2,"column":0},"end":{"line":2,"column":49}},"9":{"start":{"line":10,"column":0},"end":{"line":10,"column":99}},"10":{"start":{"line":11,"column":0},"end":{"line":11,"column":10}},"11":{"start":{"line":12,"column":0},"end":{"line":12,"column":32}},"12":{"start":{"line":13,"column":0},"end":{"line":13,"column":75}},"13":{"start":{"line":14,"column":0},"end":{"line":14,"column":18}},"14":{"start":{"line":15,"column":0},"end":{"line":15,"column":19}},"15":{"start":{"line":16,"column":0},"end":{"line":16,"column":78}},"16":{"start":{"line":17,"column":0},"end":{"line":17,"column":19}},"17":{"start":{"line":18,"column":0},"end":{"line":18,"column":19}},"18":{"start":{"line":19,"column":0},"end":{"line":19,"column":10}},"20":{"start":{"line":21,"column":0},"end":{"line":21,"column":2}},"22":{"start":{"line":23,"column":0},"end":{"line":23,"column":27}}},"s":{"0":1,"1":1,"9":1,"10":8,"11":8,"12":8,"13":8,"14":8,"15":8,"16":8,"17":8,"18":8,"20":8,"22":1},"branchMap":{"0":{"type":"branch","line":10,"loc":{"start":{"line":10,"column":20},"end":{"line":21,"column":2}},"locations":[{"start":{"line":10,"column":20},"end":{"line":21,"column":2}}]},"1":{"type":"branch","line":13,"loc":{"start":{"line":13,"column":43},"end":{"line":13,"column":62}},"locations":[{"start":{"line":13,"column":43},"end":{"line":13,"column":62}}]},"2":{"type":"branch","line":16,"loc":{"start":{"line":16,"column":41},"end":{"line":16,"column":65}},"locations":[{"start":{"line":16,"column":41},"end":{"line":16,"column":65}}]}},"b":{"0":[8],"1":[5],"2":[4]},"fnMap":{"0":{"name":"ActionsCell","decl":{"start":{"line":10,"column":20},"end":{"line":21,"column":2}},"loc":{"start":{"line":10,"column":20},"end":{"line":21,"column":2}},"line":10},"1":{"name":"onClick","decl":{"start":{"line":13,"column":43},"end":{"line":13,"column":62}},"loc":{"start":{"line":13,"column":43},"end":{"line":13,"column":62}},"line":13},"2":{"name":"onClick","decl":{"start":{"line":16,"column":41},"end":{"line":16,"column":65}},"loc":{"start":{"line":16,"column":41},"end":{"line":16,"column":65}},"line":16}},"f":{"0":8,"1":5,"2":4}}
,"C:\\DEV\\workspace\\cost-tracker\\src\\components\\list\\ConfirmDeleteDialog.tsx": {"path":"C:\\DEV\\workspace\\cost-tracker\\src\\components\\list\\ConfirmDeleteDialog.tsx","all":false,"statementMap":{"0":{"start":{"line":1,"column":0},"end":{"line":1,"column":26}},"1":{"start":{"line":2,"column":0},"end":{"line":2,"column":109}},"9":{"start":{"line":10,"column":0},"end":{"line":10,"column":99}},"10":{"start":{"line":11,"column":0},"end":{"line":11,"column":10}},"11":{"start":{"line":12,"column":0},"end":{"line":12,"column":11}},"12":{"start":{"line":13,"column":0},"end":{"line":13,"column":17}},"13":{"start":{"line":14,"column":0},"end":{"line":14,"column":23}},"14":{"start":{"line":15,"column":0},"end":{"line":15,"column":51}},"15":{"start":{"line":16,"column":0},"end":{"line":16,"column":58}},"17":{"start":{"line":18,"column":0},"end":{"line":18,"column":82}},"18":{"start":{"line":19,"column":0},"end":{"line":19,"column":21}},"19":{"start":{"line":20,"column":0},"end":{"line":20,"column":66}},"21":{"start":{"line":22,"column":0},"end":{"line":22,"column":28}},"22":{"start":{"line":23,"column":0},"end":{"line":23,"column":22}},"23":{"start":{"line":24,"column":0},"end":{"line":24,"column":21}},"24":{"start":{"line":25,"column":0},"end":{"line":25,"column":65}},"25":{"start":{"line":26,"column":0},"end":{"line":26,"column":75}},"26":{"start":{"line":27,"column":0},"end":{"line":27,"column":22}},"27":{"start":{"line":28,"column":0},"end":{"line":28,"column":13}},"29":{"start":{"line":30,"column":0},"end":{"line":30,"column":2}},"31":{"start":{"line":32,"column":0},"end":{"line":32,"column":35}}},"s":{"0":1,"1":1,"9":1,"10":9,"11":9,"12":9,"13":9,"14":9,"15":9,"17":9,"18":9,"19":9,"21":9,"22":9,"23":9,"24":9,"25":9,"26":9,"27":9,"29":9,"31":1},"branchMap":{"0":{"type":"branch","line":10,"loc":{"start":{"line":10,"column":64},"end":{"line":30,"column":2}},"locations":[{"start":{"line":10,"column":64},"end":{"line":30,"column":2}}]}},"b":{"0":[9]},"fnMap":{"0":{"name":"ConfirmDeleteDialog","decl":{"start":{"line":10,"column":64},"end":{"line":30,"column":2}},"loc":{"start":{"line":10,"column":64},"end":{"line":30,"column":2}},"line":10}},"f":{"0":9}}
,"C:\\DEV\\workspace\\cost-tracker\\src\\components\\list\\EditExpenseDialog.tsx": {"path":"C:\\DEV\\workspace\\cost-tracker\\src\\components\\list\\EditExpenseDialog.tsx","all":false,"statementMap":{"0":{"start":{"line":1,"column":0},"end":{"line":1,"column":26}},"1":{"start":{"line":2,"column":0},"end":{"line":2,"column":180}},"22":{"start":{"line":23,"column":0},"end":{"line":23,"column":62}},"23":{"start":{"line":24,"column":0},"end":{"line":24,"column":7}},"24":{"start":{"line":25,"column":0},"end":{"line":25,"column":10}},"25":{"start":{"line":26,"column":0},"end":{"line":26,"column":11}},"26":{"start":{"line":27,"column":0},"end":{"line":27,"column":18}},"27":{"start":{"line":28,"column":0},"end":{"line":28,"column":21}},"28":{"start":{"line":29,"column":0},"end":{"line":29,"column":18}},"29":{"start":{"line":30,"column":0},"end":{"line":30,"column":21}},"30":{"start":{"line":31,"column":0},"end":{"line":31,"column":13}},"31":{"start":{"line":32,"column":0},"end":{"line":32,"column":16}},"32":{"start":{"line":33,"column":0},"end":{"line":33,"column":11}},"33":{"start":{"line":34,"column":0},"end":{"line":34,"column":14}},"34":{"start":{"line":35,"column":0},"end":{"line":35,"column":15}},"35":{"start":{"line":36,"column":0},"end":{"line":36,"column":18}},"36":{"start":{"line":37,"column":0},"end":{"line":37,"column":12}},"37":{"start":{"line":38,"column":0},"end":{"line":38,"column":15}},"38":{"start":{"line":39,"column":0},"end":{"line":39,"column":15}},"39":{"start":{"line":40,"column":0},"end":{"line":40,"column":7}},"40":{"start":{"line":41,"column":0},"end":{"line":41,"column":10}},"41":{"start":{"line":42,"column":0},"end":{"line":42,"column":110}},"42":{"start":{"line":43,"column":0},"end":{"line":43,"column":76}},"43":{"start":{"line":44,"column":0},"end":{"line":44,"column":21}},"44":{"start":{"line":45,"column":0},"end":{"line":45,"column":74}},"45":{"start":{"line":46,"column":0},"end":{"line":46,"column":23}},"46":{"start":{"line":47,"column":0},"end":{"line":47,"column":40}},"47":{"start":{"line":48,"column":0},"end":{"line":48,"column":20}},"48":{"start":{"line":49,"column":0},"end":{"line":49,"column":40}},"49":{"start":{"line":50,"column":0},"end":{"line":50,"column":59}},"50":{"start":{"line":51,"column":0},"end":{"line":51,"column":33}},"51":{"start":{"line":52,"column":0},"end":{"line":52,"column":63}},"52":{"start":{"line":53,"column":0},"end":{"line":53,"column":64}},"53":{"start":{"line":54,"column":0},"end":{"line":54,"column":14}},"54":{"start":{"line":55,"column":0},"end":{"line":55,"column":38}},"55":{"start":{"line":56,"column":0},"end":{"line":56,"column":88}},"57":{"start":{"line":58,"column":0},"end":{"line":58,"column":12}},"58":{"start":{"line":59,"column":0},"end":{"line":59,"column":148}},"59":{"start":{"line":60,"column":0},"end":{"line":60,"column":175}},"60":{"start":{"line":61,"column":0},"end":{"line":61,"column":33}},"61":{"start":{"line":62,"column":0},"end":{"line":62,"column":45}},"62":{"start":{"line":63,"column":0},"end":{"line":63,"column":108}},"63":{"start":{"line":64,"column":0},"end":{"line":64,"column":46}},"64":{"start":{"line":65,"column":0},"end":{"line":65,"column":67}},"65":{"start":{"line":66,"column":0},"end":{"line":66,"column":17}},"66":{"start":{"line":67,"column":0},"end":{"line":67,"column":21}},"67":{"start":{"line":68,"column":0},"end":{"line":68,"column":24}},"68":{"start":{"line":69,"column":0},"end":{"line":69,"column":14}},"69":{"start":{"line":70,"column":0},"end":{"line":70,"column":22}},"70":{"start":{"line":71,"column":0},"end":{"line":71,"column":21}},"71":{"start":{"line":72,"column":0},"end":{"line":72,"column":65}},"72":{"start":{"line":73,"column":0},"end":{"line":73,"column":86}},"73":{"start":{"line":74,"column":0},"end":{"line":74,"column":22}},"74":{"start":{"line":75,"column":0},"end":{"line":75,"column":150}},"75":{"start":{"line":76,"column":0},"end":{"line":76,"column":91}},"76":{"start":{"line":77,"column":0},"end":{"line":77,"column":24}},"77":{"start":{"line":78,"column":0},"end":{"line":78,"column":16}},"78":{"start":{"line":79,"column":0},"end":{"line":79,"column":17}},"79":{"start":{"line":80,"column":0},"end":{"line":80,"column":13}},"81":{"start":{"line":82,"column":0},"end":{"line":82,"column":2}},"83":{"start":{"line":84,"column":0},"end":{"line":84,"column":33}}},"s":{"0":1,"1":1,"22":1,"23":16,"24":16,"25":16,"26":16,"27":16,"28":16,"29":16,"30":16,"31":16,"32":16,"33":16,"34":16,"35":16,"36":16,"37":16,"38":16,"39":16,"40":16,"41":16,"42":16,"43":16,"44":16,"45":16,"46":16,"47":16,"48":16,"49":16,"50":16,"51":45,"52":45,"53":45,"54":16,"55":0,"57":16,"58":16,"59":16,"60":16,"61":16,"62":16,"63":16,"64":48,"65":16,"66":16,"67":16,"68":16,"69":16,"70":16,"71":16,"72":16,"73":16,"74":16,"75":16,"76":16,"77":16,"78":16,"79":16,"81":16,"83":1},"branchMap":{"0":{"type":"branch","line":23,"loc":{"start":{"line":23,"column":60},"end":{"line":82,"column":2}},"locations":[{"start":{"line":23,"column":60},"end":{"line":82,"column":2}}]},"1":{"type":"branch","line":51,"loc":{"start":{"line":51,"column":22},"end":{"line":54,"column":14}},"locations":[{"start":{"line":51,"column":22},"end":{"line":54,"column":14}}]},"2":{"type":"branch","line":52,"loc":{"start":{"line":52,"column":41},"end":{"line":52,"column":63}},"locations":[{"start":{"line":52,"column":41},"end":{"line":52,"column":63}}]},"3":{"type":"branch","line":53,"loc":{"start":{"line":53,"column":34},"end":{"line":53,"column":64}},"locations":[{"start":{"line":53,"column":34},"end":{"line":53,"column":64}}]},"4":{"type":"branch","line":59,"loc":{"start":{"line":59,"column":98},"end":{"line":59,"column":136}},"locations":[{"start":{"line":59,"column":98},"end":{"line":59,"column":136}}]},"5":{"type":"branch","line":60,"loc":{"start":{"line":60,"column":92},"end":{"line":60,"column":128}},"locations":[{"start":{"line":60,"column":92},"end":{"line":60,"column":128}}]},"6":{"type":"branch","line":63,"loc":{"start":{"line":63,"column":51},"end":{"line":63,"column":91}},"locations":[{"start":{"line":63,"column":51},"end":{"line":63,"column":91}}]},"7":{"type":"branch","line":64,"loc":{"start":{"line":64,"column":35},"end":{"line":65,"column":67}},"locations":[{"start":{"line":64,"column":35},"end":{"line":65,"column":67}}]}},"b":{"0":[16],"1":[45],"2":[0],"3":[0],"4":[8],"5":[1],"6":[1],"7":[48]},"fnMap":{"0":{"name":"EditExpenseDialog","decl":{"start":{"line":23,"column":60},"end":{"line":82,"column":2}},"loc":{"start":{"line":23,"column":60},"end":{"line":82,"column":2}},"line":23},"1":{"name":"onInputChange","decl":{"start":{"line":50,"column":27},"end":{"line":50,"column":59}},"loc":{"start":{"line":50,"column":27},"end":{"line":50,"column":59}},"line":50},"2":{"name":"onChange","decl":{"start":{"line":51,"column":22},"end":{"line":54,"column":14}},"loc":{"start":{"line":51,"column":22},"end":{"line":54,"column":14}},"line":51},"3":{"name":"renderInput","decl":{"start":{"line":55,"column":25},"end":{"line":56,"column":88}},"loc":{"start":{"line":55,"column":25},"end":{"line":56,"column":88}},"line":55},"4":{"name":"onChange","decl":{"start":{"line":59,"column":98},"end":{"line":59,"column":136}},"loc":{"start":{"line":59,"column":98},"end":{"line":59,"column":136}},"line":59},"5":{"name":"onChange","decl":{"start":{"line":60,"column":92},"end":{"line":60,"column":128}},"loc":{"start":{"line":60,"column":92},"end":{"line":60,"column":128}},"line":60},"6":{"name":"onChange","decl":{"start":{"line":63,"column":51},"end":{"line":63,"column":91}},"loc":{"start":{"line":63,"column":51},"end":{"line":63,"column":91}},"line":63},"7":{"name":"onClose","decl":{"start":{"line":75,"column":66},"end":{"line":75,"column":93}},"loc":{"start":{"line":75,"column":66},"end":{"line":75,"column":93}},"line":75},"8":{"name":"onClose","decl":{"start":{"line":76,"column":24},"end":{"line":76,"column":51}},"loc":{"start":{"line":76,"column":24},"end":{"line":76,"column":51}},"line":76}},"f":{"0":16,"1":0,"2":45,"3":0,"4":8,"5":1,"6":1,"7":0,"8":0}}
,"C:\\DEV\\workspace\\cost-tracker\\src\\components\\list\\ExpenseItem.tsx": {"path":"C:\\DEV\\workspace\\cost-tracker\\src\\components\\list\\ExpenseItem.tsx","all":false,"statementMap":{"0":{"start":{"line":1,"column":0},"end":{"line":1,"column":42}},"2":{"start":{"line":3,"column":0},"end":{"line":3,"column":62}},"3":{"start":{"line":4,"column":0},"end":{"line":4,"column":92}},"4":{"start":{"line":5,"column":0},"end":{"line":5,"column":41}},"10":{"start":{"line":11,"column":0},"end":{"line":11,"column":66}},"11":{"start":{"line":12,"column":0},"end":{"line":12,"column":45}},"12":{"start":{"line":13,"column":0},"end":{"line":13,"column":67}},"14":{"start":{"line":15,"column":0},"end":{"line":15,"column":36}},"16":{"start":{"line":17,"column":0},"end":{"line":17,"column":10}},"17":{"start":{"line":18,"column":0},"end":{"line":18,"column":22}},"18":{"start":{"line":19,"column":0},"end":{"line":19,"column":19}},"19":{"start":{"line":20,"column":0},"end":{"line":20,"column":37}},"20":{"start":{"line":21,"column":0},"end":{"line":21,"column":102}},"21":{"start":{"line":22,"column":0},"end":{"line":22,"column":8}},"22":{"start":{"line":23,"column":0},"end":{"line":23,"column":31}},"23":{"start":{"line":24,"column":0},"end":{"line":24,"column":87}},"24":{"start":{"line":25,"column":0},"end":{"line":25,"column":21}},"25":{"start":{"line":26,"column":0},"end":{"line":26,"column":21}},"26":{"start":{"line":27,"column":0},"end":{"line":27,"column":32}},"27":{"start":{"line":28,"column":0},"end":{"line":28,"column":15}},"29":{"start":{"line":30,"column":0},"end":{"line":30,"column":2}},"31":{"start":{"line":32,"column":0},"end":{"line":32,"column":27}}},"s":{"0":1,"2":1,"3":1,"4":1,"10":1,"11":17,"12":17,"14":17,"16":17,"17":17,"18":17,"19":17,"20":17,"21":17,"22":17,"23":17,"24":17,"25":17,"26":17,"27":17,"29":17,"31":1},"branchMap":{"0":{"type":"branch","line":11,"loc":{"start":{"line":11,"column":48},"end":{"line":30,"column":2}},"locations":[{"start":{"line":11,"column":48},"end":{"line":30,"column":2}}]},"1":{"type":"branch","line":13,"loc":{"start":{"line":13,"column":16},"end":{"line":13,"column":67}},"locations":[{"start":{"line":13,"column":16},"end":{"line":13,"column":67}}]},"2":{"type":"branch","line":24,"loc":{"start":{"line":24,"column":54},"end":{"line":24,"column":87}},"locations":[{"start":{"line":24,"column":54},"end":{"line":24,"column":87}}]}},"b":{"0":[17],"1":[0],"2":[4]},"fnMap":{"0":{"name":"ExpenseItem","decl":{"start":{"line":11,"column":48},"end":{"line":30,"column":2}},"loc":{"start":{"line":11,"column":48},"end":{"line":30,"column":2}},"line":11},"1":{"name":"onClick","decl":{"start":{"line":24,"column":54},"end":{"line":24,"column":87}},"loc":{"start":{"line":24,"column":54},"end":{"line":24,"column":87}},"line":24}},"f":{"0":17,"1":4}}
,"C:\\DEV\\workspace\\cost-tracker\\src\\components\\list\\ExpenseList.tsx": {"path":"C:\\DEV\\workspace\\cost-tracker\\src\\components\\list\\ExpenseList.tsx","all":false,"statementMap":{"0":{"start":{"line":1,"column":0},"end":{"line":1,"column":61}},"1":{"start":{"line":2,"column":0},"end":{"line":2,"column":62}},"2":{"start":{"line":3,"column":0},"end":{"line":3,"column":131}},"3":{"start":{"line":4,"column":0},"end":{"line":4,"column":73}},"5":{"start":{"line":6,"column":0},"end":{"line":6,"column":40}},"6":{"start":{"line":7,"column":0},"end":{"line":7,"column":56}},"7":{"start":{"line":8,"column":0},"end":{"line":8,"column":52}},"9":{"start":{"line":10,"column":0},"end":{"line":10,"column":37}},"10":{"start":{"line":11,"column":0},"end":{"line":11,"column":45}},"11":{"start":{"line":12,"column":0},"end":{"line":12,"column":67}},"13":{"start":{"line":14,"column":0},"end":{"line":14,"column":61}},"16":{"start":{"line":17,"column":0},"end":{"line":17,"column":55}},"19":{"start":{"line":20,"column":0},"end":{"line":20,"column":42}},"20":{"start":{"line":21,"column":0},"end":{"line":21,"column":82}},"23":{"start":{"line":24,"column":0},"end":{"line":24,"column":50}},"24":{"start":{"line":25,"column":0},"end":{"line":25,"column":77}},"25":{"start":{"line":26,"column":0},"end":{"line":26,"column":69}},"26":{"start":{"line":27,"column":0},"end":{"line":27,"column":59}},"27":{"start":{"line":28,"column":0},"end":{"line":28,"column":55}},"28":{"start":{"line":29,"column":0},"end":{"line":29,"column":66}},"29":{"start":{"line":30,"column":0},"end":{"line":30,"column":63}},"30":{"start":{"line":31,"column":0},"end":{"line":31,"column":61}},"33":{"start":{"line":34,"column":0},"end":{"line":34,"column":37}},"34":{"start":{"line":35,"column":0},"end":{"line":35,"column":70}},"35":{"start":{"line":36,"column":0},"end":{"line":36,"column":14}},"36":{"start":{"line":37,"column":0},"end":{"line":37,"column":4}},"40":{"start":{"line":41,"column":0},"end":{"line":41,"column":82}},"41":{"start":{"line":42,"column":0},"end":{"line":42,"column":58}},"42":{"start":{"line":43,"column":0},"end":{"line":43,"column":12}},"43":{"start":{"line":44,"column":0},"end":{"line":44,"column":19}},"44":{"start":{"line":45,"column":0},"end":{"line":45,"column":36}},"45":{"start":{"line":46,"column":0},"end":{"line":46,"column":16}},"46":{"start":{"line":47,"column":0},"end":{"line":47,"column":31}},"47":{"start":{"line":48,"column":0},"end":{"line":48,"column":44}},"48":{"start":{"line":49,"column":0},"end":{"line":49,"column":67}},"50":{"start":{"line":51,"column":0},"end":{"line":51,"column":34}},"51":{"start":{"line":52,"column":0},"end":{"line":52,"column":89}},"53":{"start":{"line":54,"column":0},"end":{"line":54,"column":8}},"55":{"start":{"line":56,"column":0},"end":{"line":56,"column":4}},"58":{"start":{"line":59,"column":0},"end":{"line":59,"column":79}},"59":{"start":{"line":60,"column":0},"end":{"line":60,"column":53}},"60":{"start":{"line":61,"column":0},"end":{"line":61,"column":12}},"61":{"start":{"line":62,"column":0},"end":{"line":62,"column":19}},"62":{"start":{"line":63,"column":0},"end":{"line":63,"column":33}},"63":{"start":{"line":64,"column":0},"end":{"line":64,"column":21}},"64":{"start":{"line":65,"column":0},"end":{"line":65,"column":23}},"65":{"start":{"line":66,"column":0},"end":{"line":66,"column":58}},"66":{"start":{"line":67,"column":0},"end":{"line":67,"column":10}},"67":{"start":{"line":68,"column":0},"end":{"line":68,"column":34}},"68":{"start":{"line":69,"column":0},"end":{"line":69,"column":68}},"70":{"start":{"line":71,"column":0},"end":{"line":71,"column":34}},"71":{"start":{"line":72,"column":0},"end":{"line":72,"column":85}},"73":{"start":{"line":74,"column":0},"end":{"line":74,"column":8}},"75":{"start":{"line":76,"column":0},"end":{"line":76,"column":4}},"77":{"start":{"line":78,"column":0},"end":{"line":78,"column":60}},"78":{"start":{"line":79,"column":0},"end":{"line":79,"column":5}},"79":{"start":{"line":80,"column":0},"end":{"line":80,"column":24}},"80":{"start":{"line":81,"column":0},"end":{"line":81,"column":24}},"81":{"start":{"line":82,"column":0},"end":{"line":82,"column":41}},"82":{"start":{"line":83,"column":0},"end":{"line":83,"column":78}},"83":{"start":{"line":84,"column":0},"end":{"line":84,"column":38}},"84":{"start":{"line":85,"column":0},"end":{"line":85,"column":26}},"85":{"start":{"line":86,"column":0},"end":{"line":86,"column":78}},"86":{"start":{"line":87,"column":0},"end":{"line":87,"column":8}},"87":{"start":{"line":88,"column":0},"end":{"line":88,"column":45}},"88":{"start":{"line":89,"column":0},"end":{"line":89,"column":6}},"89":{"start":{"line":90,"column":0},"end":{"line":90,"column":4}},"91":{"start":{"line":92,"column":0},"end":{"line":92,"column":57}},"92":{"start":{"line":93,"column":0},"end":{"line":93,"column":5}},"93":{"start":{"line":94,"column":0},"end":{"line":94,"column":18}},"94":{"start":{"line":95,"column":0},"end":{"line":95,"column":18}},"95":{"start":{"line":96,"column":0},"end":{"line":96,"column":41}},"96":{"start":{"line":97,"column":0},"end":{"line":97,"column":64}},"97":{"start":{"line":98,"column":0},"end":{"line":98,"column":38}},"98":{"start":{"line":99,"column":0},"end":{"line":99,"column":75}},"99":{"start":{"line":100,"column":0},"end":{"line":100,"column":8}},"100":{"start":{"line":101,"column":0},"end":{"line":101,"column":42}},"101":{"start":{"line":102,"column":0},"end":{"line":102,"column":6}},"102":{"start":{"line":103,"column":0},"end":{"line":103,"column":4}},"105":{"start":{"line":106,"column":0},"end":{"line":106,"column":75}},"106":{"start":{"line":107,"column":0},"end":{"line":107,"column":53}},"107":{"start":{"line":108,"column":0},"end":{"line":108,"column":12}},"108":{"start":{"line":109,"column":0},"end":{"line":109,"column":16}},"109":{"start":{"line":110,"column":0},"end":{"line":110,"column":19}},"110":{"start":{"line":111,"column":0},"end":{"line":111,"column":20}},"111":{"start":{"line":112,"column":0},"end":{"line":112,"column":21}},"112":{"start":{"line":113,"column":0},"end":{"line":113,"column":84}},"113":{"start":{"line":114,"column":0},"end":{"line":114,"column":42}},"114":{"start":{"line":115,"column":0},"end":{"line":115,"column":40}},"115":{"start":{"line":116,"column":0},"end":{"line":116,"column":17}},"116":{"start":{"line":117,"column":0},"end":{"line":117,"column":8}},"118":{"start":{"line":119,"column":0},"end":{"line":119,"column":4}},"120":{"start":{"line":121,"column":0},"end":{"line":121,"column":53}},"121":{"start":{"line":122,"column":0},"end":{"line":122,"column":5}},"122":{"start":{"line":123,"column":0},"end":{"line":123,"column":18}},"123":{"start":{"line":124,"column":0},"end":{"line":124,"column":18}},"124":{"start":{"line":125,"column":0},"end":{"line":125,"column":41}},"125":{"start":{"line":126,"column":0},"end":{"line":126,"column":64}},"126":{"start":{"line":127,"column":0},"end":{"line":127,"column":38}},"127":{"start":{"line":128,"column":0},"end":{"line":128,"column":75}},"128":{"start":{"line":129,"column":0},"end":{"line":129,"column":8}},"129":{"start":{"line":130,"column":0},"end":{"line":130,"column":38}},"130":{"start":{"line":131,"column":0},"end":{"line":131,"column":6}},"131":{"start":{"line":132,"column":0},"end":{"line":132,"column":4}},"134":{"start":{"line":135,"column":0},"end":{"line":135,"column":44}},"135":{"start":{"line":136,"column":0},"end":{"line":136,"column":74}},"136":{"start":{"line":137,"column":0},"end":{"line":137,"column":37}},"137":{"start":{"line":138,"column":0},"end":{"line":138,"column":4}},"140":{"start":{"line":141,"column":0},"end":{"line":141,"column":35}},"141":{"start":{"line":142,"column":0},"end":{"line":142,"column":39}},"142":{"start":{"line":143,"column":0},"end":{"line":143,"column":64}},"143":{"start":{"line":144,"column":0},"end":{"line":144,"column":4}},"146":{"start":{"line":147,"column":0},"end":{"line":147,"column":37}},"147":{"start":{"line":148,"column":0},"end":{"line":148,"column":37}},"148":{"start":{"line":149,"column":0},"end":{"line":149,"column":61}},"149":{"start":{"line":150,"column":0},"end":{"line":150,"column":5}},"150":{"start":{"line":151,"column":0},"end":{"line":151,"column":44}},"151":{"start":{"line":152,"column":0},"end":{"line":152,"column":4}},"154":{"start":{"line":155,"column":0},"end":{"line":155,"column":54}},"155":{"start":{"line":156,"column":0},"end":{"line":156,"column":31}},"156":{"start":{"line":157,"column":0},"end":{"line":157,"column":44}},"157":{"start":{"line":158,"column":0},"end":{"line":158,"column":45}},"158":{"start":{"line":159,"column":0},"end":{"line":159,"column":30}},"159":{"start":{"line":160,"column":0},"end":{"line":160,"column":38}},"160":{"start":{"line":161,"column":0},"end":{"line":161,"column":22}},"161":{"start":{"line":162,"column":0},"end":{"line":162,"column":4}},"164":{"start":{"line":165,"column":0},"end":{"line":165,"column":39}},"165":{"start":{"line":166,"column":0},"end":{"line":166,"column":23}},"166":{"start":{"line":167,"column":0},"end":{"line":167,"column":28}},"167":{"start":{"line":168,"column":0},"end":{"line":168,"column":27}},"168":{"start":{"line":169,"column":0},"end":{"line":169,"column":22}},"169":{"start":{"line":170,"column":0},"end":{"line":170,"column":20}},"170":{"start":{"line":171,"column":0},"end":{"line":171,"column":27}},"171":{"start":{"line":172,"column":0},"end":{"line":172,"column":24}},"172":{"start":{"line":173,"column":0},"end":{"line":173,"column":24}},"173":{"start":{"line":174,"column":0},"end":{"line":174,"column":4}},"176":{"start":{"line":177,"column":0},"end":{"line":177,"column":34}},"177":{"start":{"line":178,"column":0},"end":{"line":178,"column":32}},"180":{"start":{"line":181,"column":0},"end":{"line":181,"column":79}},"181":{"start":{"line":182,"column":0},"end":{"line":182,"column":52}},"182":{"start":{"line":183,"column":0},"end":{"line":183,"column":25}},"183":{"start":{"line":184,"column":0},"end":{"line":184,"column":13}},"184":{"start":{"line":185,"column":0},"end":{"line":185,"column":5}},"187":{"start":{"line":188,"column":0},"end":{"line":188,"column":50}},"188":{"start":{"line":189,"column":0},"end":{"line":189,"column":57}},"189":{"start":{"line":190,"column":0},"end":{"line":190,"column":25}},"190":{"start":{"line":191,"column":0},"end":{"line":191,"column":13}},"191":{"start":{"line":192,"column":0},"end":{"line":192,"column":5}},"194":{"start":{"line":195,"column":0},"end":{"line":195,"column":48}},"195":{"start":{"line":196,"column":0},"end":{"line":196,"column":51}},"196":{"start":{"line":197,"column":0},"end":{"line":197,"column":63}},"197":{"start":{"line":198,"column":0},"end":{"line":198,"column":25}},"198":{"start":{"line":199,"column":0},"end":{"line":199,"column":13}},"199":{"start":{"line":200,"column":0},"end":{"line":200,"column":5}},"201":{"start":{"line":202,"column":0},"end":{"line":202,"column":28}},"202":{"start":{"line":203,"column":0},"end":{"line":203,"column":42}},"203":{"start":{"line":204,"column":0},"end":{"line":204,"column":27}},"204":{"start":{"line":205,"column":0},"end":{"line":205,"column":21}},"205":{"start":{"line":206,"column":0},"end":{"line":206,"column":29}},"206":{"start":{"line":207,"column":0},"end":{"line":207,"column":6}},"208":{"start":{"line":209,"column":0},"end":{"line":209,"column":53}},"209":{"start":{"line":210,"column":0},"end":{"line":210,"column":28}},"210":{"start":{"line":211,"column":0},"end":{"line":211,"column":4}},"213":{"start":{"line":214,"column":0},"end":{"line":214,"column":33}},"214":{"start":{"line":215,"column":0},"end":{"line":215,"column":125}},"215":{"start":{"line":216,"column":0},"end":{"line":216,"column":112}},"216":{"start":{"line":217,"column":0},"end":{"line":217,"column":101}},"217":{"start":{"line":218,"column":0},"end":{"line":218,"column":5}},"218":{"start":{"line":219,"column":0},"end":{"line":219,"column":20}},"219":{"start":{"line":220,"column":0},"end":{"line":220,"column":25}},"220":{"start":{"line":221,"column":0},"end":{"line":221,"column":14}},"221":{"start":{"line":222,"column":0},"end":{"line":222,"column":20}},"222":{"start":{"line":223,"column":0},"end":{"line":223,"column":43}},"223":{"start":{"line":224,"column":0},"end":{"line":224,"column":6}},"224":{"start":{"line":225,"column":0},"end":{"line":225,"column":5}},"225":{"start":{"line":226,"column":0},"end":{"line":226,"column":23}},"226":{"start":{"line":227,"column":0},"end":{"line":227,"column":28}},"227":{"start":{"line":228,"column":0},"end":{"line":228,"column":22}},"228":{"start":{"line":229,"column":0},"end":{"line":229,"column":24}},"229":{"start":{"line":230,"column":0},"end":{"line":230,"column":31}},"230":{"start":{"line":231,"column":0},"end":{"line":231,"column":110}},"232":{"start":{"line":233,"column":0},"end":{"line":233,"column":16}},"233":{"start":{"line":234,"column":0},"end":{"line":234,"column":6}},"234":{"start":{"line":235,"column":0},"end":{"line":235,"column":4}},"236":{"start":{"line":237,"column":0},"end":{"line":237,"column":10}},"237":{"start":{"line":238,"column":0},"end":{"line":238,"column":52}},"238":{"start":{"line":239,"column":0},"end":{"line":239,"column":15}},"239":{"start":{"line":240,"column":0},"end":{"line":240,"column":23}},"240":{"start":{"line":241,"column":0},"end":{"line":241,"column":25}},"241":{"start":{"line":242,"column":0},"end":{"line":242,"column":40}},"242":{"start":{"line":243,"column":0},"end":{"line":243,"column":20}},"243":{"start":{"line":244,"column":0},"end":{"line":244,"column":20}},"244":{"start":{"line":245,"column":0},"end":{"line":245,"column":34}},"245":{"start":{"line":246,"column":0},"end":{"line":246,"column":50}},"246":{"start":{"line":247,"column":0},"end":{"line":247,"column":12}},"247":{"start":{"line":248,"column":0},"end":{"line":248,"column":10}},"248":{"start":{"line":249,"column":0},"end":{"line":249,"column":23}},"249":{"start":{"line":250,"column":0},"end":{"line":250,"column":23}},"250":{"start":{"line":251,"column":0},"end":{"line":251,"column":54}},"251":{"start":{"line":252,"column":0},"end":{"line":252,"column":12}},"252":{"start":{"line":253,"column":0},"end":{"line":253,"column":20}},"253":{"start":{"line":254,"column":0},"end":{"line":254,"column":57}},"254":{"start":{"line":255,"column":0},"end":{"line":255,"column":12}},"255":{"start":{"line":256,"column":0},"end":{"line":256,"column":19}},"256":{"start":{"line":257,"column":0},"end":{"line":257,"column":39}},"257":{"start":{"line":258,"column":0},"end":{"line":258,"column":12}},"258":{"start":{"line":259,"column":0},"end":{"line":259,"column":10}},"259":{"start":{"line":260,"column":0},"end":{"line":260,"column":37}},"260":{"start":{"line":261,"column":0},"end":{"line":261,"column":81}},"261":{"start":{"line":262,"column":0},"end":{"line":262,"column":34}},"262":{"start":{"line":263,"column":0},"end":{"line":263,"column":8}},"265":{"start":{"line":266,"column":0},"end":{"line":266,"column":101}},"268":{"start":{"line":269,"column":0},"end":{"line":269,"column":24}},"269":{"start":{"line":270,"column":0},"end":{"line":270,"column":23}},"270":{"start":{"line":271,"column":0},"end":{"line":271,"column":39}},"271":{"start":{"line":272,"column":0},"end":{"line":272,"column":35}},"272":{"start":{"line":273,"column":0},"end":{"line":273,"column":41}},"273":{"start":{"line":274,"column":0},"end":{"line":274,"column":47}},"274":{"start":{"line":275,"column":0},"end":{"line":275,"column":41}},"275":{"start":{"line":276,"column":0},"end":{"line":276,"column":47}},"276":{"start":{"line":277,"column":0},"end":{"line":277,"column":31}},"277":{"start":{"line":278,"column":0},"end":{"line":278,"column":37}},"278":{"start":{"line":279,"column":0},"end":{"line":279,"column":27}},"279":{"start":{"line":280,"column":0},"end":{"line":280,"column":33}},"280":{"start":{"line":281,"column":0},"end":{"line":281,"column":35}},"281":{"start":{"line":282,"column":0},"end":{"line":282,"column":41}},"282":{"start":{"line":283,"column":0},"end":{"line":283,"column":29}},"283":{"start":{"line":284,"column":0},"end":{"line":284,"column":35}},"284":{"start":{"line":285,"column":0},"end":{"line":285,"column":35}},"285":{"start":{"line":286,"column":0},"end":{"line":286,"column":8}},"288":{"start":{"line":289,"column":0},"end":{"line":289,"column":15}},"289":{"start":{"line":290,"column":0},"end":{"line":290,"column":24}},"290":{"start":{"line":291,"column":0},"end":{"line":291,"column":31}},"291":{"start":{"line":292,"column":0},"end":{"line":292,"column":43}},"292":{"start":{"line":293,"column":0},"end":{"line":293,"column":64}},"294":{"start":{"line":295,"column":0},"end":{"line":295,"column":91}},"295":{"start":{"line":296,"column":0},"end":{"line":296,"column":24}},"296":{"start":{"line":297,"column":0},"end":{"line":297,"column":16}},"297":{"start":{"line":298,"column":0},"end":{"line":298,"column":17}},"298":{"start":{"line":299,"column":0},"end":{"line":299,"column":10}},"300":{"start":{"line":301,"column":0},"end":{"line":301,"column":2}},"302":{"start":{"line":303,"column":0},"end":{"line":303,"column":27}}},"s":{"0":1,"1":1,"2":1,"3":1,"5":1,"6":1,"7":1,"9":1,"10":14,"11":14,"13":14,"16":14,"19":14,"20":14,"23":14,"24":14,"25":14,"26":14,"27":14,"28":14,"29":14,"30":14,"33":14,"34":14,"35":14,"36":14,"40":14,"41":0,"42":0,"43":0,"44":0,"45":0,"46":0,"47":0,"48":0,"50":0,"51":0,"53":0,"55":0,"58":14,"59":0,"60":0,"61":0,"62":0,"63":0,"64":0,"65":0,"66":0,"67":0,"68":0,"70":0,"71":0,"73":0,"75":0,"77":14,"78":14,"79":14,"80":14,"81":14,"82":0,"83":0,"84":0,"85":0,"86":0,"87":14,"88":14,"89":14,"91":14,"92":14,"93":14,"94":14,"95":14,"96":0,"97":0,"98":0,"99":0,"100":14,"101":14,"102":14,"105":14,"106":0,"107":0,"108":0,"109":0,"110":0,"111":0,"112":0,"113":0,"114":0,"115":0,"116":0,"118":0,"120":14,"121":14,"122":14,"123":14,"124":14,"125":0,"126":0,"127":0,"128":0,"129":14,"130":14,"131":14,"134":14,"135":0,"136":0,"137":0,"140":14,"141":0,"142":0,"143":0,"146":14,"147":0,"148":0,"149":0,"150":0,"151":0,"154":14,"155":0,"156":0,"157":0,"158":0,"159":0,"160":0,"161":0,"164":14,"165":0,"166":0,"167":0,"168":0,"169":0,"170":0,"171":0,"172":0,"173":0,"176":14,"177":0,"180":0,"181":0,"182":0,"183":0,"184":0,"187":0,"188":0,"189":0,"190":0,"191":0,"194":0,"195":0,"196":0,"197":0,"198":0,"199":0,"201":0,"202":0,"203":0,"204":0,"205":0,"206":0,"208":0,"209":0,"210":0,"213":14,"214":14,"215":14,"216":14,"217":14,"218":14,"219":14,"220":14,"221":14,"222":14,"223":14,"224":14,"225":14,"226":14,"227":14,"228":14,"229":14,"230":0,"232":14,"233":14,"234":14,"236":14,"237":14,"238":14,"239":14,"240":14,"241":14,"242":14,"243":14,"244":14,"245":14,"246":14,"247":14,"248":14,"249":14,"250":14,"251":14,"252":14,"253":14,"254":14,"255":14,"256":14,"257":14,"258":14,"259":14,"260":14,"261":14,"262":14,"265":14,"268":14,"269":14,"270":14,"271":14,"272":14,"273":14,"274":14,"275":14,"276":14,"277":14,"278":14,"279":14,"280":14,"281":14,"282":14,"283":14,"284":14,"285":14,"288":14,"289":14,"290":14,"291":14,"292":14,"294":14,"295":14,"296":14,"297":14,"298":14,"300":14,"302":1},"branchMap":{"0":{"type":"branch","line":10,"loc":{"start":{"line":10,"column":30},"end":{"line":301,"column":2}},"locations":[{"start":{"line":10,"column":30},"end":{"line":301,"column":2}}]},"1":{"type":"branch","line":12,"loc":{"start":{"line":12,"column":16},"end":{"line":12,"column":67}},"locations":[{"start":{"line":12,"column":16},"end":{"line":12,"column":67}}]},"2":{"type":"branch","line":35,"loc":{"start":{"line":35,"column":4},"end":{"line":35,"column":70}},"locations":[{"start":{"line":35,"column":4},"end":{"line":35,"column":70}}]}},"b":{"0":[14],"1":[0],"2":[14]},"fnMap":{"0":{"name":"ExpenseList","decl":{"start":{"line":10,"column":30},"end":{"line":301,"column":2}},"loc":{"start":{"line":10,"column":30},"end":{"line":301,"column":2}},"line":10},"1":{"name":"DescriptionFilterInput","decl":{"start":{"line":41,"column":70},"end":{"line":56,"column":4}},"loc":{"start":{"line":41,"column":70},"end":{"line":56,"column":4}},"line":41},"2":{"name":"CurrencyFilterInput","decl":{"start":{"line":59,"column":67},"end":{"line":76,"column":4}},"loc":{"start":{"line":59,"column":67},"end":{"line":76,"column":4}},"line":59},"3":{"name":"getApplyFilterFn","decl":{"start":{"line":82,"column":24},"end":{"line":87,"column":8}},"loc":{"start":{"line":82,"column":24},"end":{"line":87,"column":8}},"line":82},"4":{"name":"getApplyFilterFn","decl":{"start":{"line":96,"column":24},"end":{"line":100,"column":8}},"loc":{"start":{"line":96,"column":24},"end":{"line":100,"column":8}},"line":96},"5":{"name":"DateFilterInput","decl":{"start":{"line":106,"column":63},"end":{"line":119,"column":4}},"loc":{"start":{"line":106,"column":63},"end":{"line":119,"column":4}},"line":106},"6":{"name":"getApplyFilterFn","decl":{"start":{"line":125,"column":24},"end":{"line":129,"column":8}},"loc":{"start":{"line":125,"column":24},"end":{"line":129,"column":8}},"line":125},"7":{"name":"handleOpenDialog","decl":{"start":{"line":135,"column":27},"end":{"line":138,"column":4}},"loc":{"start":{"line":135,"column":27},"end":{"line":138,"column":4}},"line":135},"8":{"name":"handleCloseDialog","decl":{"start":{"line":141,"column":28},"end":{"line":144,"column":4}},"loc":{"start":{"line":141,"column":28},"end":{"line":144,"column":4}},"line":141},"9":{"name":"handleConfirmDelete","decl":{"start":{"line":147,"column":30},"end":{"line":152,"column":4}},"loc":{"start":{"line":147,"column":30},"end":{"line":152,"column":4}},"line":147},"10":{"name":"handleOpenEditDialog","decl":{"start":{"line":155,"column":31},"end":{"line":162,"column":4}},"loc":{"start":{"line":155,"column":31},"end":{"line":162,"column":4}},"line":155},"11":{"name":"handleCloseEditDialog","decl":{"start":{"line":165,"column":32},"end":{"line":174,"column":4}},"loc":{"start":{"line":165,"column":32},"end":{"line":174,"column":4}},"line":165},"12":{"name":"handleEditSubmit","decl":{"start":{"line":177,"column":27},"end":{"line":211,"column":4}},"loc":{"start":{"line":177,"column":27},"end":{"line":211,"column":4}},"line":177},"13":{"name":"renderCell","decl":{"start":{"line":230,"column":18},"end":{"line":231,"column":110}},"loc":{"start":{"line":230,"column":18},"end":{"line":231,"column":110}},"line":230},"14":{"name":"getRowId","decl":{"start":{"line":261,"column":18},"end":{"line":261,"column":81}},"loc":{"start":{"line":261,"column":18},"end":{"line":261,"column":81}},"line":261},"15":{"name":"onClose","decl":{"start":{"line":292,"column":17},"end":{"line":292,"column":43}},"loc":{"start":{"line":292,"column":17},"end":{"line":292,"column":43}},"line":292},"16":{"name":"onClose","decl":{"start":{"line":295,"column":24},"end":{"line":295,"column":51}},"loc":{"start":{"line":295,"column":24},"end":{"line":295,"column":51}},"line":295}},"f":{"0":14,"1":0,"2":0,"3":0,"4":0,"5":0,"6":0,"7":0,"8":0,"9":0,"10":0,"11":0,"12":0,"13":0,"14":0,"15":0,"16":0}}
,"C:\\DEV\\workspace\\cost-tracker\\src\\components\\summary\\ExpenseSummary.tsx": {"path":"C:\\DEV\\workspace\\cost-tracker\\src\\components\\summary\\ExpenseSummary.tsx","all":false,"statementMap":{"0":{"start":{"line":1,"column":0},"end":{"line":1,"column":64}},"1":{"start":{"line":2,"column":0},"end":{"line":2,"column":62}},"2":{"start":{"line":3,"column":0},"end":{"line":3,"column":38}},"4":{"start":{"line":5,"column":0},"end":{"line":5,"column":8}},"14":{"start":{"line":15,"column":0},"end":{"line":15,"column":57}},"18":{"start":{"line":19,"column":0},"end":{"line":19,"column":40}},"19":{"start":{"line":20,"column":0},"end":{"line":20,"column":45}},"20":{"start":{"line":21,"column":0},"end":{"line":21,"column":67}},"22":{"start":{"line":23,"column":0},"end":{"line":23,"column":31}},"25":{"start":{"line":26,"column":0},"end":{"line":26,"column":63}},"26":{"start":{"line":27,"column":0},"end":{"line":27,"column":38}},"28":{"start":{"line":29,"column":0},"end":{"line":29,"column":32}},"29":{"start":{"line":30,"column":0},"end":{"line":30,"column":57}},"30":{"start":{"line":31,"column":0},"end":{"line":31,"column":59}},"31":{"start":{"line":32,"column":0},"end":{"line":32,"column":5}},"32":{"start":{"line":33,"column":0},"end":{"line":33,"column":16}},"33":{"start":{"line":34,"column":0},"end":{"line":34,"column":9}},"36":{"start":{"line":37,"column":0},"end":{"line":37,"column":37}},"37":{"start":{"line":38,"column":0},"end":{"line":38,"column":29}},"40":{"start":{"line":41,"column":0},"end":{"line":41,"column":87}},"41":{"start":{"line":42,"column":0},"end":{"line":42,"column":58}},"42":{"start":{"line":43,"column":0},"end":{"line":43,"column":62}},"43":{"start":{"line":44,"column":0},"end":{"line":44,"column":83}},"44":{"start":{"line":45,"column":0},"end":{"line":45,"column":6}},"46":{"start":{"line":47,"column":0},"end":{"line":47,"column":71}},"47":{"start":{"line":48,"column":0},"end":{"line":48,"column":80}},"48":{"start":{"line":49,"column":0},"end":{"line":49,"column":50}},"49":{"start":{"line":50,"column":0},"end":{"line":50,"column":17}},"50":{"start":{"line":51,"column":0},"end":{"line":51,"column":37}},"52":{"start":{"line":53,"column":0},"end":{"line":53,"column":73}},"53":{"start":{"line":54,"column":0},"end":{"line":54,"column":16}},"54":{"start":{"line":55,"column":0},"end":{"line":55,"column":19}},"55":{"start":{"line":56,"column":0},"end":{"line":56,"column":8}},"57":{"start":{"line":58,"column":0},"end":{"line":58,"column":91}},"60":{"start":{"line":61,"column":0},"end":{"line":61,"column":68}},"61":{"start":{"line":62,"column":0},"end":{"line":62,"column":46}},"62":{"start":{"line":63,"column":0},"end":{"line":63,"column":63}},"63":{"start":{"line":64,"column":0},"end":{"line":64,"column":65}},"64":{"start":{"line":65,"column":0},"end":{"line":65,"column":19}},"65":{"start":{"line":66,"column":0},"end":{"line":66,"column":39}},"66":{"start":{"line":67,"column":0},"end":{"line":67,"column":55}},"67":{"start":{"line":68,"column":0},"end":{"line":68,"column":48}},"68":{"start":{"line":69,"column":0},"end":{"line":69,"column":95}},"69":{"start":{"line":70,"column":0},"end":{"line":70,"column":6}},"72":{"start":{"line":73,"column":0},"end":{"line":73,"column":43}},"73":{"start":{"line":74,"column":0},"end":{"line":74,"column":39}},"74":{"start":{"line":75,"column":0},"end":{"line":75,"column":63}},"75":{"start":{"line":76,"column":0},"end":{"line":76,"column":85}},"76":{"start":{"line":77,"column":0},"end":{"line":77,"column":6}},"78":{"start":{"line":79,"column":0},"end":{"line":79,"column":73}},"79":{"start":{"line":80,"column":0},"end":{"line":80,"column":50}},"80":{"start":{"line":81,"column":0},"end":{"line":81,"column":95}},"81":{"start":{"line":82,"column":0},"end":{"line":82,"column":66}},"82":{"start":{"line":83,"column":0},"end":{"line":83,"column":111}},"83":{"start":{"line":84,"column":0},"end":{"line":84,"column":58}},"84":{"start":{"line":85,"column":0},"end":{"line":85,"column":17}},"85":{"start":{"line":86,"column":0},"end":{"line":86,"column":37}},"87":{"start":{"line":88,"column":0},"end":{"line":88,"column":76}},"88":{"start":{"line":89,"column":0},"end":{"line":89,"column":17}},"89":{"start":{"line":90,"column":0},"end":{"line":90,"column":19}},"90":{"start":{"line":91,"column":0},"end":{"line":91,"column":8}},"92":{"start":{"line":93,"column":0},"end":{"line":93,"column":93}},"95":{"start":{"line":96,"column":0},"end":{"line":96,"column":41}},"96":{"start":{"line":97,"column":0},"end":{"line":97,"column":37}},"97":{"start":{"line":98,"column":0},"end":{"line":98,"column":62}},"98":{"start":{"line":99,"column":0},"end":{"line":99,"column":83}},"99":{"start":{"line":100,"column":0},"end":{"line":100,"column":6}},"101":{"start":{"line":102,"column":0},"end":{"line":102,"column":73}},"102":{"start":{"line":103,"column":0},"end":{"line":103,"column":83}},"103":{"start":{"line":104,"column":0},"end":{"line":104,"column":54}},"104":{"start":{"line":105,"column":0},"end":{"line":105,"column":17}},"105":{"start":{"line":106,"column":0},"end":{"line":106,"column":37}},"107":{"start":{"line":108,"column":0},"end":{"line":108,"column":79}},"108":{"start":{"line":109,"column":0},"end":{"line":109,"column":18}},"109":{"start":{"line":110,"column":0},"end":{"line":110,"column":19}},"110":{"start":{"line":111,"column":0},"end":{"line":111,"column":8}},"112":{"start":{"line":113,"column":0},"end":{"line":113,"column":93}},"114":{"start":{"line":115,"column":0},"end":{"line":115,"column":12}},"115":{"start":{"line":116,"column":0},"end":{"line":116,"column":16}},"116":{"start":{"line":117,"column":0},"end":{"line":117,"column":20}},"117":{"start":{"line":118,"column":0},"end":{"line":118,"column":28}},"118":{"start":{"line":119,"column":0},"end":{"line":119,"column":17}},"119":{"start":{"line":120,"column":0},"end":{"line":120,"column":21}},"120":{"start":{"line":121,"column":0},"end":{"line":121,"column":29}},"121":{"start":{"line":122,"column":0},"end":{"line":122,"column":18}},"122":{"start":{"line":123,"column":0},"end":{"line":123,"column":20}},"123":{"start":{"line":124,"column":0},"end":{"line":124,"column":28}},"124":{"start":{"line":125,"column":0},"end":{"line":125,"column":27}},"125":{"start":{"line":126,"column":0},"end":{"line":126,"column":6}},"126":{"start":{"line":127,"column":0},"end":{"line":127,"column":28}},"128":{"start":{"line":129,"column":0},"end":{"line":129,"column":10}},"129":{"start":{"line":130,"column":0},"end":{"line":130,"column":9}},"131":{"start":{"line":132,"column":0},"end":{"line":132,"column":100}},"132":{"start":{"line":133,"column":0},"end":{"line":133,"column":53}},"133":{"start":{"line":134,"column":0},"end":{"line":134,"column":131}},"134":{"start":{"line":135,"column":0},"end":{"line":135,"column":19}},"135":{"start":{"line":136,"column":0},"end":{"line":136,"column":46}},"138":{"start":{"line":139,"column":0},"end":{"line":139,"column":103}},"139":{"start":{"line":140,"column":0},"end":{"line":140,"column":53}},"140":{"start":{"line":141,"column":0},"end":{"line":141,"column":134}},"141":{"start":{"line":142,"column":0},"end":{"line":142,"column":19}},"142":{"start":{"line":143,"column":0},"end":{"line":143,"column":46}},"145":{"start":{"line":146,"column":0},"end":{"line":146,"column":104}},"146":{"start":{"line":147,"column":0},"end":{"line":147,"column":53}},"147":{"start":{"line":148,"column":0},"end":{"line":148,"column":131}},"148":{"start":{"line":149,"column":0},"end":{"line":149,"column":19}},"149":{"start":{"line":150,"column":0},"end":{"line":150,"column":10}},"151":{"start":{"line":152,"column":0},"end":{"line":152,"column":2}},"153":{"start":{"line":154,"column":0},"end":{"line":154,"column":30}}},"s":{"0":1,"1":1,"2":1,"4":1,"14":1,"18":1,"19":15,"20":15,"22":15,"25":15,"26":0,"28":0,"29":0,"30":0,"31":0,"32":0,"33":15,"36":15,"37":15,"40":15,"41":15,"42":15,"43":0,"44":15,"46":15,"47":0,"48":0,"49":0,"50":15,"52":15,"53":0,"54":0,"55":15,"57":15,"60":15,"61":45,"62":0,"63":0,"64":0,"65":0,"66":0,"67":0,"68":0,"69":45,"72":15,"73":15,"74":15,"75":0,"76":15,"78":15,"79":0,"80":0,"81":0,"82":0,"83":0,"84":0,"85":15,"87":15,"88":0,"89":0,"90":15,"92":15,"95":15,"96":15,"97":15,"98":0,"99":15,"101":15,"102":0,"103":0,"104":0,"105":15,"107":15,"108":0,"109":0,"110":15,"112":15,"114":15,"115":15,"116":15,"117":15,"118":15,"119":15,"120":15,"121":15,"122":15,"123":15,"124":15,"125":15,"126":15,"128":15,"129":15,"131":15,"132":15,"133":15,"134":15,"135":15,"138":15,"139":15,"140":15,"141":15,"142":15,"145":15,"146":15,"147":15,"148":15,"149":15,"151":15,"153":1},"branchMap":{"0":{"type":"branch","line":19,"loc":{"start":{"line":19,"column":33},"end":{"line":152,"column":2}},"locations":[{"start":{"line":19,"column":33},"end":{"line":152,"column":2}}]},"1":{"type":"branch","line":21,"loc":{"start":{"line":21,"column":16},"end":{"line":21,"column":67}},"locations":[{"start":{"line":21,"column":16},"end":{"line":21,"column":67}}]},"2":{"type":"branch","line":37,"loc":{"start":{"line":37,"column":30},"end":{"line":127,"column":5}},"locations":[{"start":{"line":37,"column":30},"end":{"line":127,"column":5}}]},"3":{"type":"branch","line":61,"loc":{"start":{"line":61,"column":34},"end":{"line":70,"column":6}},"locations":[{"start":{"line":61,"column":34},"end":{"line":70,"column":6}}]},"4":{"type":"branch","line":62,"loc":{"start":{"line":62,"column":40},"end":{"line":69,"column":95}},"locations":[{"start":{"line":62,"column":40},"end":{"line":69,"column":95}}]}},"b":{"0":[15],"1":[0],"2":[15],"3":[45],"4":[0]},"fnMap":{"0":{"name":"ExpenseSummary","decl":{"start":{"line":19,"column":33},"end":{"line":152,"column":2}},"loc":{"start":{"line":19,"column":33},"end":{"line":152,"column":2}},"line":19},"1":{"name":"getMostCommonCurrency","decl":{"start":{"line":61,"column":34},"end":{"line":70,"column":6}},"loc":{"start":{"line":61,"column":34},"end":{"line":70,"column":6}},"line":61}},"f":{"0":15,"1":45}}
,"C:\\DEV\\workspace\\cost-tracker\\src\\components\\summary\\PieSection.tsx": {"path":"C:\\DEV\\workspace\\cost-tracker\\src\\components\\summary\\PieSection.tsx","all":false,"statementMap":{"0":{"start":{"line":1,"column":0},"end":{"line":1,"column":26}},"1":{"start":{"line":2,"column":0},"end":{"line":2,"column":48}},"2":{"start":{"line":3,"column":0},"end":{"line":3,"column":85}},"3":{"start":{"line":4,"column":0},"end":{"line":4,"column":42}},"11":{"start":{"line":12,"column":0},"end":{"line":12,"column":75}},"12":{"start":{"line":13,"column":0},"end":{"line":13,"column":10}},"13":{"start":{"line":14,"column":0},"end":{"line":14,"column":6}},"14":{"start":{"line":15,"column":0},"end":{"line":15,"column":59}},"15":{"start":{"line":16,"column":0},"end":{"line":16,"column":15}},"16":{"start":{"line":17,"column":0},"end":{"line":17,"column":19}},"17":{"start":{"line":18,"column":0},"end":{"line":18,"column":56}},"18":{"start":{"line":19,"column":0},"end":{"line":19,"column":29}},"19":{"start":{"line":20,"column":0},"end":{"line":20,"column":20}},"20":{"start":{"line":21,"column":0},"end":{"line":21,"column":16}},"21":{"start":{"line":22,"column":0},"end":{"line":22,"column":25}},"22":{"start":{"line":23,"column":0},"end":{"line":23,"column":29}},"23":{"start":{"line":24,"column":0},"end":{"line":24,"column":28}},"24":{"start":{"line":25,"column":0},"end":{"line":25,"column":22}},"25":{"start":{"line":26,"column":0},"end":{"line":26,"column":22}},"26":{"start":{"line":27,"column":0},"end":{"line":27,"column":30}},"27":{"start":{"line":28,"column":0},"end":{"line":28,"column":39}},"28":{"start":{"line":29,"column":0},"end":{"line":29,"column":19}},"30":{"start":{"line":31,"column":0},"end":{"line":31,"column":39}},"31":{"start":{"line":32,"column":0},"end":{"line":32,"column":99}},"32":{"start":{"line":33,"column":0},"end":{"line":33,"column":17}},"33":{"start":{"line":34,"column":0},"end":{"line":34,"column":18}},"34":{"start":{"line":35,"column":0},"end":{"line":35,"column":23}},"35":{"start":{"line":36,"column":0},"end":{"line":36,"column":22}},"36":{"start":{"line":37,"column":0},"end":{"line":37,"column":21}},"37":{"start":{"line":38,"column":0},"end":{"line":38,"column":30}},"38":{"start":{"line":39,"column":0},"end":{"line":39,"column":12}},"39":{"start":{"line":40,"column":0},"end":{"line":40,"column":7}},"41":{"start":{"line":42,"column":0},"end":{"line":42,"column":2}},"43":{"start":{"line":44,"column":0},"end":{"line":44,"column":26}}},"s":{"0":1,"1":1,"2":1,"3":1,"11":1,"12":67,"13":67,"14":67,"15":67,"16":67,"17":67,"18":67,"19":67,"20":67,"21":67,"22":67,"23":67,"24":67,"25":67,"26":67,"27":67,"28":67,"30":67,"31":63,"32":67,"33":67,"34":67,"35":67,"36":67,"37":67,"38":67,"39":67,"41":67,"43":1},"branchMap":{"0":{"type":"branch","line":12,"loc":{"start":{"line":12,"column":46},"end":{"line":42,"column":2}},"locations":[{"start":{"line":12,"column":46},"end":{"line":42,"column":2}}]},"1":{"type":"branch","line":28,"loc":{"start":{"line":28,"column":20},"end":{"line":28,"column":39}},"locations":[{"start":{"line":28,"column":20},"end":{"line":28,"column":39}}]},"2":{"type":"branch","line":31,"loc":{"start":{"line":31,"column":24},"end":{"line":32,"column":99}},"locations":[{"start":{"line":31,"column":24},"end":{"line":32,"column":99}}]}},"b":{"0":[67],"1":[0],"2":[63]},"fnMap":{"0":{"name":"PieSection","decl":{"start":{"line":12,"column":46},"end":{"line":42,"column":2}},"loc":{"start":{"line":12,"column":46},"end":{"line":42,"column":2}},"line":12}},"f":{"0":67}}
,"C:\\DEV\\workspace\\cost-tracker\\src\\components\\summary\\SummaryGrid.tsx": {"path":"C:\\DEV\\workspace\\cost-tracker\\src\\components\\summary\\SummaryGrid.tsx","all":false,"statementMap":{"0":{"start":{"line":1,"column":0},"end":{"line":1,"column":64}},"1":{"start":{"line":2,"column":0},"end":{"line":2,"column":62}},"3":{"start":{"line":4,"column":0},"end":{"line":4,"column":56}},"4":{"start":{"line":5,"column":0},"end":{"line":5,"column":38}},"5":{"start":{"line":6,"column":0},"end":{"line":6,"column":8}},"16":{"start":{"line":17,"column":0},"end":{"line":17,"column":37}},"17":{"start":{"line":18,"column":0},"end":{"line":18,"column":45}},"18":{"start":{"line":19,"column":0},"end":{"line":19,"column":67}},"20":{"start":{"line":21,"column":0},"end":{"line":21,"column":31}},"22":{"start":{"line":23,"column":0},"end":{"line":23,"column":63}},"23":{"start":{"line":24,"column":0},"end":{"line":24,"column":38}},"24":{"start":{"line":25,"column":0},"end":{"line":25,"column":32}},"25":{"start":{"line":26,"column":0},"end":{"line":26,"column":24}},"26":{"start":{"line":27,"column":0},"end":{"line":27,"column":5}},"27":{"start":{"line":28,"column":0},"end":{"line":28,"column":16}},"28":{"start":{"line":29,"column":0},"end":{"line":29,"column":9}},"30":{"start":{"line":31,"column":0},"end":{"line":31,"column":30}},"31":{"start":{"line":32,"column":0},"end":{"line":32,"column":29}},"34":{"start":{"line":35,"column":0},"end":{"line":35,"column":62}},"35":{"start":{"line":36,"column":0},"end":{"line":36,"column":58}},"36":{"start":{"line":37,"column":0},"end":{"line":37,"column":62}},"37":{"start":{"line":38,"column":0},"end":{"line":38,"column":83}},"38":{"start":{"line":39,"column":0},"end":{"line":39,"column":6}},"39":{"start":{"line":40,"column":0},"end":{"line":40,"column":71}},"40":{"start":{"line":41,"column":0},"end":{"line":41,"column":64}},"41":{"start":{"line":42,"column":0},"end":{"line":42,"column":50}},"42":{"start":{"line":43,"column":0},"end":{"line":43,"column":17}},"43":{"start":{"line":44,"column":0},"end":{"line":44,"column":37}},"44":{"start":{"line":45,"column":0},"end":{"line":45,"column":102}},"45":{"start":{"line":46,"column":0},"end":{"line":46,"column":81}},"48":{"start":{"line":49,"column":0},"end":{"line":49,"column":43}},"49":{"start":{"line":50,"column":0},"end":{"line":50,"column":39}},"50":{"start":{"line":51,"column":0},"end":{"line":51,"column":63}},"51":{"start":{"line":52,"column":0},"end":{"line":52,"column":85}},"52":{"start":{"line":53,"column":0},"end":{"line":53,"column":6}},"53":{"start":{"line":54,"column":0},"end":{"line":54,"column":73}},"54":{"start":{"line":55,"column":0},"end":{"line":55,"column":40}},"55":{"start":{"line":56,"column":0},"end":{"line":56,"column":53}},"56":{"start":{"line":57,"column":0},"end":{"line":57,"column":51}},"57":{"start":{"line":58,"column":0},"end":{"line":58,"column":78}},"58":{"start":{"line":59,"column":0},"end":{"line":59,"column":50}},"59":{"start":{"line":60,"column":0},"end":{"line":60,"column":17}},"60":{"start":{"line":61,"column":0},"end":{"line":61,"column":37}},"61":{"start":{"line":62,"column":0},"end":{"line":62,"column":93}},"62":{"start":{"line":63,"column":0},"end":{"line":63,"column":83}},"65":{"start":{"line":66,"column":0},"end":{"line":66,"column":41}},"66":{"start":{"line":67,"column":0},"end":{"line":67,"column":37}},"67":{"start":{"line":68,"column":0},"end":{"line":68,"column":62}},"68":{"start":{"line":69,"column":0},"end":{"line":69,"column":83}},"69":{"start":{"line":70,"column":0},"end":{"line":70,"column":6}},"70":{"start":{"line":71,"column":0},"end":{"line":71,"column":73}},"71":{"start":{"line":72,"column":0},"end":{"line":72,"column":60}},"72":{"start":{"line":73,"column":0},"end":{"line":73,"column":54}},"73":{"start":{"line":74,"column":0},"end":{"line":74,"column":17}},"74":{"start":{"line":75,"column":0},"end":{"line":75,"column":37}},"75":{"start":{"line":76,"column":0},"end":{"line":76,"column":95}},"76":{"start":{"line":77,"column":0},"end":{"line":77,"column":83}},"78":{"start":{"line":79,"column":0},"end":{"line":79,"column":64}},"79":{"start":{"line":80,"column":0},"end":{"line":80,"column":42}},"80":{"start":{"line":81,"column":0},"end":{"line":81,"column":53}},"81":{"start":{"line":82,"column":0},"end":{"line":82,"column":53}},"82":{"start":{"line":83,"column":0},"end":{"line":83,"column":19}},"83":{"start":{"line":84,"column":0},"end":{"line":84,"column":39}},"84":{"start":{"line":85,"column":0},"end":{"line":85,"column":52}},"85":{"start":{"line":86,"column":0},"end":{"line":86,"column":45}},"86":{"start":{"line":87,"column":0},"end":{"line":87,"column":94}},"87":{"start":{"line":88,"column":0},"end":{"line":88,"column":6}},"89":{"start":{"line":90,"column":0},"end":{"line":90,"column":12}},"90":{"start":{"line":91,"column":0},"end":{"line":91,"column":16}},"91":{"start":{"line":92,"column":0},"end":{"line":92,"column":18}},"92":{"start":{"line":93,"column":0},"end":{"line":93,"column":67}},"93":{"start":{"line":94,"column":0},"end":{"line":94,"column":17}},"94":{"start":{"line":95,"column":0},"end":{"line":95,"column":19}},"95":{"start":{"line":96,"column":0},"end":{"line":96,"column":69}},"96":{"start":{"line":97,"column":0},"end":{"line":97,"column":18}},"97":{"start":{"line":98,"column":0},"end":{"line":98,"column":18}},"98":{"start":{"line":99,"column":0},"end":{"line":99,"column":67}},"99":{"start":{"line":100,"column":0},"end":{"line":100,"column":6}},"100":{"start":{"line":101,"column":0},"end":{"line":101,"column":28}},"102":{"start":{"line":103,"column":0},"end":{"line":103,"column":10}},"103":{"start":{"line":104,"column":0},"end":{"line":104,"column":47}},"105":{"start":{"line":106,"column":0},"end":{"line":106,"column":67}},"106":{"start":{"line":107,"column":0},"end":{"line":107,"column":104}},"107":{"start":{"line":108,"column":0},"end":{"line":108,"column":97}},"108":{"start":{"line":109,"column":0},"end":{"line":109,"column":72}},"109":{"start":{"line":110,"column":0},"end":{"line":110,"column":77}},"110":{"start":{"line":111,"column":0},"end":{"line":111,"column":23}},"111":{"start":{"line":112,"column":0},"end":{"line":112,"column":16}},"112":{"start":{"line":113,"column":0},"end":{"line":113,"column":13}},"115":{"start":{"line":116,"column":0},"end":{"line":116,"column":67}},"116":{"start":{"line":117,"column":0},"end":{"line":117,"column":104}},"117":{"start":{"line":118,"column":0},"end":{"line":118,"column":100}},"118":{"start":{"line":119,"column":0},"end":{"line":119,"column":72}},"119":{"start":{"line":120,"column":0},"end":{"line":120,"column":80}},"120":{"start":{"line":121,"column":0},"end":{"line":121,"column":23}},"121":{"start":{"line":122,"column":0},"end":{"line":122,"column":16}},"122":{"start":{"line":123,"column":0},"end":{"line":123,"column":13}},"125":{"start":{"line":126,"column":0},"end":{"line":126,"column":67}},"126":{"start":{"line":127,"column":0},"end":{"line":127,"column":104}},"127":{"start":{"line":128,"column":0},"end":{"line":128,"column":101}},"128":{"start":{"line":129,"column":0},"end":{"line":129,"column":72}},"129":{"start":{"line":130,"column":0},"end":{"line":130,"column":77}},"130":{"start":{"line":131,"column":0},"end":{"line":131,"column":23}},"131":{"start":{"line":132,"column":0},"end":{"line":132,"column":16}},"132":{"start":{"line":133,"column":0},"end":{"line":133,"column":13}},"133":{"start":{"line":134,"column":0},"end":{"line":134,"column":11}},"135":{"start":{"line":136,"column":0},"end":{"line":136,"column":2}},"137":{"start":{"line":138,"column":0},"end":{"line":138,"column":27}}},"s":{"0":1,"1":1,"3":1,"4":1,"5":1,"16":1,"17":14,"18":14,"20":14,"22":14,"23":0,"24":0,"25":0,"26":0,"27":0,"28":14,"30":14,"31":14,"34":14,"35":14,"36":14,"37":0,"38":14,"39":14,"40":0,"41":0,"42":0,"43":14,"44":14,"45":14,"48":14,"49":14,"50":14,"51":0,"52":14,"53":14,"54":0,"55":0,"56":0,"57":0,"58":0,"59":0,"60":14,"61":14,"62":14,"65":14,"66":14,"67":14,"68":0,"69":14,"70":14,"71":0,"72":0,"73":0,"74":14,"75":14,"76":14,"78":14,"79":42,"80":0,"81":0,"82":0,"83":0,"84":0,"85":0,"86":0,"87":42,"89":14,"90":14,"91":14,"92":14,"93":14,"94":14,"95":14,"96":14,"97":14,"98":14,"99":14,"100":14,"102":14,"103":14,"105":14,"106":14,"107":14,"108":14,"109":14,"110":14,"111":14,"112":14,"115":14,"116":14,"117":14,"118":14,"119":14,"120":14,"121":14,"122":14,"125":14,"126":14,"127":14,"128":14,"129":14,"130":14,"131":14,"132":14,"133":14,"135":14,"137":1},"branchMap":{"0":{"type":"branch","line":17,"loc":{"start":{"line":17,"column":30},"end":{"line":136,"column":2}},"locations":[{"start":{"line":17,"column":30},"end":{"line":136,"column":2}}]},"1":{"type":"branch","line":19,"loc":{"start":{"line":19,"column":16},"end":{"line":19,"column":67}},"locations":[{"start":{"line":19,"column":16},"end":{"line":19,"column":67}}]},"2":{"type":"branch","line":31,"loc":{"start":{"line":31,"column":23},"end":{"line":101,"column":5}},"locations":[{"start":{"line":31,"column":23},"end":{"line":101,"column":5}}]},"3":{"type":"branch","line":79,"loc":{"start":{"line":79,"column":34},"end":{"line":88,"column":6}},"locations":[{"start":{"line":79,"column":34},"end":{"line":88,"column":6}}]},"4":{"type":"branch","line":80,"loc":{"start":{"line":80,"column":36},"end":{"line":87,"column":94}},"locations":[{"start":{"line":80,"column":36},"end":{"line":87,"column":94}}]}},"b":{"0":[14],"1":[0],"2":[14],"3":[42],"4":[0]},"fnMap":{"0":{"name":"SummaryGrid","decl":{"start":{"line":17,"column":30},"end":{"line":136,"column":2}},"loc":{"start":{"line":17,"column":30},"end":{"line":136,"column":2}},"line":17},"1":{"name":"getMostCommonCurrency","decl":{"start":{"line":79,"column":34},"end":{"line":88,"column":6}},"loc":{"start":{"line":79,"column":34},"end":{"line":88,"column":6}},"line":79}},"f":{"0":14,"1":42}}
,"C:\\DEV\\workspace\\cost-tracker\\src\\components\\summary\\colors.ts": {"path":"C:\\DEV\\workspace\\cost-tracker\\src\\components\\summary\\colors.ts","all":false,"statementMap":{"0":{"start":{"line":1,"column":0},"end":{"line":1,"column":41}},"1":{"start":{"line":2,"column":0},"end":{"line":2,"column":78}},"2":{"start":{"line":3,"column":0},"end":{"line":3,"column":56}},"3":{"start":{"line":4,"column":0},"end":{"line":4,"column":2}}},"s":{"0":1,"1":1,"2":1,"3":1},"branchMap":{},"b":{},"fnMap":{},"f":{}}
,"C:\\DEV\\workspace\\cost-tracker\\src\\context\\ExpenseContext.tsx": {"path":"C:\\DEV\\workspace\\cost-tracker\\src\\context\\ExpenseContext.tsx","all":false,"statementMap":{"0":{"start":{"line":1,"column":0},"end":{"line":1,"column":50}},"10":{"start":{"line":11,"column":0},"end":{"line":11,"column":76}},"11":{"start":{"line":12,"column":0},"end":{"line":12,"column":11}},"12":{"start":{"line":13,"column":0},"end":{"line":13,"column":2}},"14":{"start":{"line":15,"column":0},"end":{"line":15,"column":60}},"15":{"start":{"line":16,"column":0},"end":{"line":16,"column":45}},"16":{"start":{"line":17,"column":0},"end":{"line":17,"column":30}},"17":{"start":{"line":18,"column":0},"end":{"line":18,"column":80}},"18":{"start":{"line":19,"column":0},"end":{"line":19,"column":3}},"19":{"start":{"line":20,"column":0},"end":{"line":20,"column":17}},"20":{"start":{"line":21,"column":0},"end":{"line":21,"column":2}}},"s":{"0":1,"10":1,"11":1,"12":1,"14":1,"15":37,"16":37,"17":2,"18":2,"19":35,"20":35},"branchMap":{"0":{"type":"branch","line":15,"loc":{"start":{"line":15,"column":33},"end":{"line":21,"column":2}},"locations":[{"start":{"line":15,"column":33},"end":{"line":21,"column":2}}]},"1":{"type":"branch","line":17,"loc":{"start":{"line":17,"column":29},"end":{"line":19,"column":3}},"locations":[{"start":{"line":17,"column":29},"end":{"line":19,"column":3}}]},"2":{"type":"branch","line":19,"loc":{"start":{"line":19,"column":2},"end":{"line":21,"column":2}},"locations":[{"start":{"line":19,"column":2},"end":{"line":21,"column":2}}]}},"b":{"0":[37],"1":[2],"2":[35]},"fnMap":{"0":{"name":"useExpenseContext","decl":{"start":{"line":15,"column":33},"end":{"line":21,"column":2}},"loc":{"start":{"line":15,"column":33},"end":{"line":21,"column":2}},"line":15}},"f":{"0":37}}
,"C:\\DEV\\workspace\\cost-tracker\\src\\context\\ExpenseProvider.tsx": {"path":"C:\\DEV\\workspace\\cost-tracker\\src\\context\\ExpenseProvider.tsx","all":false,"statementMap":{"0":{"start":{"line":1,"column":0},"end":{"line":1,"column":80}},"1":{"start":{"line":2,"column":0},"end":{"line":2,"column":50}},"8":{"start":{"line":9,"column":0},"end":{"line":9,"column":82}},"10":{"start":{"line":11,"column":0},"end":{"line":11,"column":61}},"11":{"start":{"line":12,"column":0},"end":{"line":12,"column":9}},"12":{"start":{"line":13,"column":0},"end":{"line":13,"column":61}},"13":{"start":{"line":14,"column":0},"end":{"line":14,"column":26}},"14":{"start":{"line":15,"column":0},"end":{"line":15,"column":49}},"16":{"start":{"line":17,"column":0},"end":{"line":17,"column":36}},"18":{"start":{"line":19,"column":0},"end":{"line":19,"column":68}},"19":{"start":{"line":20,"column":0},"end":{"line":20,"column":23}},"20":{"start":{"line":21,"column":0},"end":{"line":21,"column":42}},"21":{"start":{"line":22,"column":0},"end":{"line":22,"column":31}},"22":{"start":{"line":23,"column":0},"end":{"line":23,"column":30}},"23":{"start":{"line":24,"column":0},"end":{"line":24,"column":39}},"24":{"start":{"line":25,"column":0},"end":{"line":25,"column":34}},"25":{"start":{"line":26,"column":0},"end":{"line":26,"column":32}},"26":{"start":{"line":27,"column":0},"end":{"line":27,"column":36}},"27":{"start":{"line":28,"column":0},"end":{"line":28,"column":75}},"28":{"start":{"line":29,"column":0},"end":{"line":29,"column":84}},"29":{"start":{"line":30,"column":0},"end":{"line":30,"column":79}},"30":{"start":{"line":31,"column":0},"end":{"line":31,"column":77}},"31":{"start":{"line":32,"column":0},"end":{"line":32,"column":80}},"32":{"start":{"line":33,"column":0},"end":{"line":33,"column":69}},"33":{"start":{"line":34,"column":0},"end":{"line":34,"column":12}},"34":{"start":{"line":35,"column":0},"end":{"line":35,"column":31}},"35":{"start":{"line":36,"column":0},"end":{"line":36,"column":9}},"36":{"start":{"line":37,"column":0},"end":{"line":37,"column":7}},"37":{"start":{"line":38,"column":0},"end":{"line":38,"column":16}},"38":{"start":{"line":39,"column":0},"end":{"line":39,"column":21}},"39":{"start":{"line":40,"column":0},"end":{"line":40,"column":72}},"41":{"start":{"line":42,"column":0},"end":{"line":42,"column":42}},"42":{"start":{"line":43,"column":0},"end":{"line":43,"column":16}},"43":{"start":{"line":44,"column":0},"end":{"line":44,"column":5}},"44":{"start":{"line":45,"column":0},"end":{"line":45,"column":5}},"46":{"start":{"line":47,"column":0},"end":{"line":47,"column":19}},"47":{"start":{"line":48,"column":0},"end":{"line":48,"column":9}},"48":{"start":{"line":49,"column":0},"end":{"line":49,"column":65}},"49":{"start":{"line":50,"column":0},"end":{"line":50,"column":21}},"50":{"start":{"line":51,"column":0},"end":{"line":51,"column":69}},"51":{"start":{"line":52,"column":0},"end":{"line":52,"column":5}},"52":{"start":{"line":53,"column":0},"end":{"line":53,"column":17}},"54":{"start":{"line":55,"column":0},"end":{"line":55,"column":56}},"56":{"start":{"line":57,"column":0},"end":{"line":57,"column":20}},"57":{"start":{"line":58,"column":0},"end":{"line":58,"column":42}},"58":{"start":{"line":59,"column":0},"end":{"line":59,"column":51}},"59":{"start":{"line":60,"column":0},"end":{"line":60,"column":46}},"60":{"start":{"line":61,"column":0},"end":{"line":61,"column":44}},"61":{"start":{"line":62,"column":0},"end":{"line":62,"column":47}},"62":{"start":{"line":63,"column":0},"end":{"line":63,"column":30}},"63":{"start":{"line":64,"column":0},"end":{"line":64,"column":38}},"64":{"start":{"line":65,"column":0},"end":{"line":65,"column":54}},"65":{"start":{"line":66,"column":0},"end":{"line":66,"column":13}},"66":{"start":{"line":67,"column":0},"end":{"line":67,"column":5}},"68":{"start":{"line":69,"column":0},"end":{"line":69,"column":62}},"69":{"start":{"line":70,"column":0},"end":{"line":70,"column":9}},"71":{"start":{"line":72,"column":0},"end":{"line":72,"column":90}},"73":{"start":{"line":74,"column":0},"end":{"line":74,"column":27}},"74":{"start":{"line":75,"column":0},"end":{"line":75,"column":58}},"75":{"start":{"line":76,"column":0},"end":{"line":76,"column":53}},"76":{"start":{"line":77,"column":0},"end":{"line":77,"column":51}},"77":{"start":{"line":78,"column":0},"end":{"line":78,"column":54}},"78":{"start":{"line":79,"column":0},"end":{"line":79,"column":37}},"79":{"start":{"line":80,"column":0},"end":{"line":80,"column":45}},"80":{"start":{"line":81,"column":0},"end":{"line":81,"column":69}},"81":{"start":{"line":82,"column":0},"end":{"line":82,"column":13}},"82":{"start":{"line":83,"column":0},"end":{"line":83,"column":5}},"84":{"start":{"line":85,"column":0},"end":{"line":85,"column":34}},"85":{"start":{"line":86,"column":0},"end":{"line":86,"column":36}},"86":{"start":{"line":87,"column":0},"end":{"line":87,"column":63}},"87":{"start":{"line":88,"column":0},"end":{"line":88,"column":7}},"88":{"start":{"line":89,"column":0},"end":{"line":89,"column":6}},"89":{"start":{"line":90,"column":0},"end":{"line":90,"column":9}},"91":{"start":{"line":92,"column":0},"end":{"line":92,"column":53}},"92":{"start":{"line":93,"column":0},"end":{"line":93,"column":87}},"93":{"start":{"line":94,"column":0},"end":{"line":94,"column":9}},"95":{"start":{"line":96,"column":0},"end":{"line":96,"column":10}},"96":{"start":{"line":97,"column":0},"end":{"line":97,"column":92}},"97":{"start":{"line":98,"column":0},"end":{"line":98,"column":16}},"98":{"start":{"line":99,"column":0},"end":{"line":99,"column":30}},"100":{"start":{"line":101,"column":0},"end":{"line":101,"column":2}}},"s":{"0":1,"1":1,"8":1,"10":115,"11":97,"12":97,"13":97,"14":79,"16":79,"18":77,"19":20,"20":18,"21":18,"22":18,"23":17,"24":17,"25":15,"26":14,"27":13,"28":12,"29":11,"30":10,"31":9,"32":8,"33":77,"34":77,"35":77,"36":79,"37":19,"38":97,"39":1,"41":1,"42":1,"43":1,"44":115,"46":115,"47":115,"48":115,"49":115,"50":0,"51":0,"52":115,"54":115,"56":10,"57":10,"58":10,"59":10,"60":10,"61":10,"62":10,"63":10,"64":0,"65":0,"66":0,"68":10,"69":115,"71":115,"73":3,"74":3,"75":3,"76":3,"77":3,"78":3,"79":3,"80":0,"81":0,"82":0,"84":3,"85":3,"86":2,"87":3,"88":3,"89":115,"91":115,"92":7,"93":115,"95":115,"96":115,"97":115,"98":115,"100":115},"branchMap":{"0":{"type":"branch","line":9,"loc":{"start":{"line":9,"column":63},"end":{"line":101,"column":2}},"locations":[{"start":{"line":9,"column":63},"end":{"line":101,"column":2}}]},"1":{"type":"branch","line":11,"loc":{"start":{"line":11,"column":54},"end":{"line":45,"column":3}},"locations":[{"start":{"line":11,"column":54},"end":{"line":45,"column":3}}]},"2":{"type":"branch","line":14,"loc":{"start":{"line":14,"column":25},"end":{"line":37,"column":7}},"locations":[{"start":{"line":14,"column":25},"end":{"line":37,"column":7}}]},"3":{"type":"branch","line":17,"loc":{"start":{"line":17,"column":35},"end":{"line":36,"column":9}},"locations":[{"start":{"line":17,"column":35},"end":{"line":36,"column":9}}]},"4":{"type":"branch","line":37,"loc":{"start":{"line":37,"column":6},"end":{"line":39,"column":13}},"locations":[{"start":{"line":37,"column":6},"end":{"line":39,"column":13}}]},"5":{"type":"branch","line":39,"loc":{"start":{"line":39,"column":4},"end":{"line":44,"column":5}},"locations":[{"start":{"line":39,"column":4},"end":{"line":44,"column":5}}]},"6":{"type":"branch","line":19,"loc":{"start":{"line":19,"column":46},"end":{"line":33,"column":69}},"locations":[{"start":{"line":19,"column":46},"end":{"line":33,"column":69}}]},"7":{"type":"branch","line":20,"loc":{"start":{"line":20,"column":12},"end":{"line":21,"column":42}},"locations":[{"start":{"line":20,"column":12},"end":{"line":21,"column":42}}]},"8":{"type":"branch","line":21,"loc":{"start":{"line":21,"column":31},"end":{"line":22,"column":31}},"locations":[{"start":{"line":21,"column":31},"end":{"line":22,"column":31}}]},"9":{"type":"branch","line":22,"loc":{"start":{"line":22,"column":24},"end":{"line":23,"column":30}},"locations":[{"start":{"line":22,"column":24},"end":{"line":23,"column":30}}]},"10":{"type":"branch","line":23,"loc":{"start":{"line":23,"column":20},"end":{"line":24,"column":39}},"locations":[{"start":{"line":23,"column":20},"end":{"line":24,"column":39}}]},"11":{"type":"branch","line":24,"loc":{"start":{"line":24,"column":29},"end":{"line":25,"column":34}},"locations":[{"start":{"line":24,"column":29},"end":{"line":25,"column":34}}]},"12":{"type":"branch","line":25,"loc":{"start":{"line":25,"column":24},"end":{"line":26,"column":32}},"locations":[{"start":{"line":25,"column":24},"end":{"line":26,"column":32}}]},"13":{"type":"branch","line":26,"loc":{"start":{"line":26,"column":22},"end":{"line":27,"column":36}},"locations":[{"start":{"line":26,"column":22},"end":{"line":27,"column":36}}]},"14":{"type":"branch","line":27,"loc":{"start":{"line":27,"column":26},"end":{"line":28,"column":75}},"locations":[{"start":{"line":27,"column":26},"end":{"line":28,"column":75}}]},"15":{"type":"branch","line":28,"loc":{"start":{"line":28,"column":63},"end":{"line":29,"column":84}},"locations":[{"start":{"line":28,"column":63},"end":{"line":29,"column":84}}]},"16":{"type":"branch","line":29,"loc":{"start":{"line":29,"column":72},"end":{"line":30,"column":79}},"locations":[{"start":{"line":29,"column":72},"end":{"line":30,"column":79}}]},"17":{"type":"branch","line":30,"loc":{"start":{"line":30,"column":67},"end":{"line":31,"column":77}},"locations":[{"start":{"line":30,"column":67},"end":{"line":31,"column":77}}]},"18":{"type":"branch","line":31,"loc":{"start":{"line":31,"column":65},"end":{"line":32,"column":80}},"locations":[{"start":{"line":31,"column":65},"end":{"line":32,"column":80}}]},"19":{"type":"branch","line":32,"loc":{"start":{"line":32,"column":69},"end":{"line":33,"column":69}},"locations":[{"start":{"line":32,"column":69},"end":{"line":33,"column":69}}]},"20":{"type":"branch","line":47,"loc":{"start":{"line":47,"column":12},"end":{"line":53,"column":5}},"locations":[{"start":{"line":47,"column":12},"end":{"line":53,"column":5}}]},"21":{"type":"branch","line":50,"loc":{"start":{"line":50,"column":4},"end":{"line":52,"column":5}},"locations":[{"start":{"line":50,"column":4},"end":{"line":52,"column":5}}]},"22":{"type":"branch","line":55,"loc":{"start":{"line":55,"column":33},"end":{"line":70,"column":5}},"locations":[{"start":{"line":55,"column":33},"end":{"line":70,"column":5}}]},"23":{"type":"branch","line":64,"loc":{"start":{"line":64,"column":37},"end":{"line":67,"column":5}},"locations":[{"start":{"line":64,"column":37},"end":{"line":67,"column":5}}]},"24":{"type":"branch","line":69,"loc":{"start":{"line":69,"column":16},"end":{"line":69,"column":60}},"locations":[{"start":{"line":69,"column":16},"end":{"line":69,"column":60}}]},"25":{"type":"branch","line":72,"loc":{"start":{"line":72,"column":36},"end":{"line":90,"column":5}},"locations":[{"start":{"line":72,"column":36},"end":{"line":90,"column":5}}]},"26":{"type":"branch","line":80,"loc":{"start":{"line":80,"column":44},"end":{"line":83,"column":5}},"locations":[{"start":{"line":80,"column":44},"end":{"line":83,"column":5}}]},"27":{"type":"branch","line":85,"loc":{"start":{"line":85,"column":16},"end":{"line":88,"column":7}},"locations":[{"start":{"line":85,"column":16},"end":{"line":88,"column":7}}]},"28":{"type":"branch","line":86,"loc":{"start":{"line":86,"column":23},"end":{"line":87,"column":63}},"locations":[{"start":{"line":86,"column":23},"end":{"line":87,"column":63}}]},"29":{"type":"branch","line":87,"loc":{"start":{"line":87,"column":52},"end":{"line":87,"column":63}},"locations":[{"start":{"line":87,"column":52},"end":{"line":87,"column":63}}]},"30":{"type":"branch","line":92,"loc":{"start":{"line":92,"column":36},"end":{"line":94,"column":5}},"locations":[{"start":{"line":92,"column":36},"end":{"line":94,"column":5}}]},"31":{"type":"branch","line":93,"loc":{"start":{"line":93,"column":16},"end":{"line":93,"column":85}},"locations":[{"start":{"line":93,"column":16},"end":{"line":93,"column":85}}]},"32":{"type":"branch","line":93,"loc":{"start":{"line":93,"column":54},"end":{"line":93,"column":84}},"locations":[{"start":{"line":93,"column":54},"end":{"line":93,"column":84}}]}},"b":{"0":[115],"1":[97],"2":[79],"3":[77],"4":[19],"5":[1],"6":[20],"7":[18],"8":[18],"9":[18],"10":[17],"11":[17],"12":[15],"13":[14],"14":[13],"15":[12],"16":[11],"17":[10],"18":[9],"19":[8],"20":[115],"21":[0],"22":[10],"23":[0],"24":[10],"25":[3],"26":[0],"27":[3],"28":[2],"29":[0],"30":[7],"31":[7],"32":[4]},"fnMap":{"0":{"name":"ExpenseProvider","decl":{"start":{"line":9,"column":63},"end":{"line":101,"column":2}},"loc":{"start":{"line":9,"column":63},"end":{"line":101,"column":2}},"line":9}},"f":{"0":115}}
}
